#
# A fatal error has been detected by the Java Runtime Environment:
#
#  SIGSEGV (0xb) at pc=0x000070872d00a681, pid=10495, tid=10496
#
# JRE version: OpenJDK Runtime Environment (21.0.8+9) (build 21.0.8+9-Ubuntu-0ubuntu124.04.1)
# Java VM: OpenJDK 64-Bit Server VM (21.0.8+9-Ubuntu-0ubuntu124.04.1, mixed mode, sharing, tiered, compressed oops, compressed class ptrs, g1 gc, linux-amd64)
# Problematic frame:
# C  [libsysinfo.so+0xa681]  USBInfo::vendorID(int, int)+0x41
#
# Core dump will be written. Default location: Core dumps may be processed with "/usr/lib/systemd/systemd-coredump %P %u %g %s %t 9223372036854775808 %h %d" (or dumping to /home/patrick/Mustafar/project/core.10495)
#
# If you would like to submit a bug report, please visit:
#   https://bugs.launchpad.net/ubuntu/+source/openjdk-21
# The crash happened outside the Java Virtual Machine in native code.
# See problematic frame for where to report the bug.
#

---------------  S U M M A R Y ------------

Command Line: -Djava.library.path=libsysinfo template

Host: 13th Gen Intel(R) Core(TM) i5-13420H, 12 cores, 31G, Linux Mint 22.2 Zara
Time: Thu Oct 30 12:08:08 2025 GMT elapsed time: 0.461639 seconds (0d 0h 0m 0s)

---------------  T H R E A D  ---------------

Current thread (0x00007087b0019400):  JavaThread "main"             [_thread_in_native, id=10496, stack(0x00007087b7300000,0x00007087b7400000) (1024K)]

Stack: [0x00007087b7300000,0x00007087b7400000],  sp=0x00007087b73fe760,  free space=1017k
Native frames: (J=compiled Java code, j=interpreted, Vv=VM code, C=native code)
C  [libsysinfo.so+0xa681]  USBInfo::vendorID(int, int)+0x41
C  [libsysinfo.so+0xa5c5]  Java_usbInfo_vendorID+0x31
J 754  usbInfo.vendorID(II)I (0 bytes) @ 0x00007087a0392063 [0x00007087a0391fa0+0x00000000000000c3]
j  UsbMonitor.scanOnce()Ljava/util/List;+67
j  template.refreshUsbInfo()Z+3
j  template.main([Ljava/lang/String;)V+120
v  ~StubRoutines::call_stub 0x000070879fd37cc6
V  [libjvm.so+0x911e2a]  JavaCalls::call_helper(JavaValue*, methodHandle const&, JavaCallArguments*, JavaThread*)+0x2da
V  [libjvm.so+0x9b7abd]  jni_invoke_static(JNIEnv_*, JavaValue*, _jobject*, JNICallType, _jmethodID*, JNI_ArgumentPusher*, JavaThread*) [clone .constprop.1]+0x35d
V  [libjvm.so+0x9cb022]  jni_CallStaticVoidMethod+0x252
C  [libjli.so+0x55be]  JavaMain+0xfde
C  [libjli.so+0x846d]  ThreadJavaMain+0xd
C  [libc.so.6+0x9caa4]
Java frames: (J=compiled Java code, j=interpreted, Vv=VM code)
J 754  usbInfo.vendorID(II)I (0 bytes) @ 0x00007087a0391ff0 [0x00007087a0391fa0+0x0000000000000050]
j  UsbMonitor.scanOnce()Ljava/util/List;+67
j  template.refreshUsbInfo()Z+3
j  template.main([Ljava/lang/String;)V+120
v  ~StubRoutines::call_stub 0x000070879fd37cc6

siginfo: si_signo: 11 (SIGSEGV), si_code: 1 (SEGV_MAPERR), si_addr: 0x000070872ee1a000

Registers:
RAX=0x000070872ee1a000, RBX=0x000070872f40e128, RCX=0x000070872ee13a20, RDX=0x0000000000000004
RSP=0x00007087b73fe760, RBP=0x00007087b73fe760, RSI=0x00000000000061c8, RDI=0x000070872ee13a20
R8 =0x00000000c56e8946, R9 =0x000000062b744a30, R10=0x00007087a0391ff0, R11=0x00007087a0391fc0
R12=0x0000000000000000, R13=0x00007087b73fe7f8, R14=0x0000000000000000, R15=0x00007087b0019400
RIP=0x000070872d00a681, EFLAGS=0x0000000000010216, CSGSFS=0x002b000000000033, ERR=0x0000000000000004
  TRAPNO=0x000000000000000e

XMM[0]=0x0000000000000000 0x0000000000000009
XMM[1]=0x0000000000000000 0x00007087b0000090
XMM[2]=0x0000000000000000 0x00000000000000ff
XMM[3]=0x0000000000000000 0x000000000000000a
XMM[4]=0x0000000000000000 0x00007087b73fe3c8
XMM[5]=0x0000000000000000 0x000070879fd3ea90
XMM[6]=0x0000000000000000 0x0000700000000000
XMM[7]=0x0000000000000000 0x000070879893f490
XMM[8]=0x0000000000000000 0x1843c3c0e808ec83
XMM[9]=0x0000000000000000 0xf6273987a9a530d3
XMM[10]=0x0000000000000000 0x00000000b37df74c
XMM[11]=0x0000000000000000 0x529db758fc42e82b
XMM[12]=0x0000000000000000 0x00000000a9a530d3
XMM[13]=0x0000000000000000 0x0000000000000000
XMM[14]=0x0000000000000000 0x0000000000000000
XMM[15]=0x0000000000000000 0x0000000000000000
  MXCSR=0x00001fa2


Register to memory mapping:

RAX=0x000070872ee1a000 is an unknown value
RBX={method} {0x000070872f40e128} 'vendorID' '(II)I' in 'usbInfo'
RCX=0x000070872ee13a20: usb+0x0000000000000000 in /home/patrick/Mustafar/project/libsysinfo/libsysinfo.so at 0x000070872d000000
RDX=0x0000000000000004 is an unknown value
RSP=0x00007087b73fe760 is pointing into the stack for thread: 0x00007087b0019400
RBP=0x00007087b73fe760 is pointing into the stack for thread: 0x00007087b0019400
RSI=0x00000000000061c8 is an unknown value
RDI=0x000070872ee13a20: usb+0x0000000000000000 in /home/patrick/Mustafar/project/libsysinfo/libsysinfo.so at 0x000070872d000000
R8 =3312355654 is a compressed pointer to object: java.lang.String 
{0x000000062b744a30} - klass: 'java/lang/String'
 - string: "0:0"
 - ---- fields (total size 3 words):
 - private 'hash' 'I' @12  0 (0x00000000)
 - private final 'coder' 'B' @16  0 (0x00)
 - private 'hashIsZero' 'Z' @17  false (0x00)
 - injected 'flags' 'B' @18  0 (0x00)
 - private final 'value' '[B' @20  [B{0x000000062b744a18} (0xc56e8943)
R9 =0x000000062b744a30 is an oop: java.lang.String 
{0x000000062b744a30} - klass: 'java/lang/String'
 - string: "0:0"
 - ---- fields (total size 3 words):
 - private 'hash' 'I' @12  0 (0x00000000)
 - private final 'coder' 'B' @16  0 (0x00)
 - private 'hashIsZero' 'Z' @17  false (0x00)
 - injected 'flags' 'B' @18  0 (0x00)
 - private final 'value' '[B' @20  [B{0x000000062b744a18} (0xc56e8943)
R10=0x00007087a0391ff0 is at entry_point+80 in (nmethod*)0x00007087a0391e10
Compiled method (n/a) 463  754     n 0       usbInfo::vendorID (native)
 total in heap  [0x00007087a0391e10,0x00007087a0392180] = 880
 relocation     [0x00007087a0391f68,0x00007087a0391f98] = 48
 main code      [0x00007087a0391fa0,0x00007087a0392174] = 468
 stub code      [0x00007087a0392174,0x00007087a0392178] = 4
 oops           [0x00007087a0392178,0x00007087a0392180] = 8
R11=0x00007087a0391fc0 is at entry_point+32 in (nmethod*)0x00007087a0391e10
Compiled method (n/a) 463  754     n 0       usbInfo::vendorID (native)
 total in heap  [0x00007087a0391e10,0x00007087a0392180] = 880
 relocation     [0x00007087a0391f68,0x00007087a0391f98] = 48
 main code      [0x00007087a0391fa0,0x00007087a0392174] = 468
 stub code      [0x00007087a0392174,0x00007087a0392178] = 4
 oops           [0x00007087a0392178,0x00007087a0392180] = 8
R12=0x0 is null
R13=0x00007087b73fe7f8 is pointing into the stack for thread: 0x00007087b0019400
R14=0x0 is null
R15=0x00007087b0019400 is a thread

Top of Stack: (sp=0x00007087b73fe760)
0x00007087b73fe760:   00007087b73fe790 000070872d00a5c5
0x00007087b73fe770:   000000042bb59218 0000000400000c39
0x00007087b73fe780:   00007087b73fe7a0 00007087b00197b8
0x00007087b73fe790:   00007087b73fe7e0 00007087a0392063
0x00007087b73fe7a0:   000000062b402c78 00007087b00197b8
0x00007087b73fe7b0:   00007087b73fe800 00007087a0391ce1
0x00007087b73fe7c0:   000000062b402c78 000000062b41dfd0
0x00007087b73fe7d0:   000000062b41dab0 000000062b744a00
0x00007087b73fe7e0:   00007087b73fe878 000070879fd3f2a8
0x00007087b73fe7f0:   000070879fd3f2a8 0000000000000c39
0x00007087b73fe800:   0000000000000004 000000062b402c78
0x00007087b73fe810:   0000000000000c39 0000000000000004
0x00007087b73fe820:   000000062b744a48 000000062b744a48
0x00007087b73fe830:   00007087b73fe830 000070872f4060d3
0x00007087b73fe840:   0000000000000009 000070872f406340
0x00007087b73fe850:   0000000000000000 000000062a012de8
0x00007087b73fe860:   000070872f406218 00007087b73fe7f8
0x00007087b73fe870:   00007087b73fe8c0 00007087b73fe910
0x00007087b73fe880:   000070879fd3f2f2 0000000000000000
0x00007087b73fe890:   000000062b744670 0000000000000c39
0x00007087b73fe8a0:   0000000000000004 000000062b402d18
0x00007087b73fe8b0:   000000062b402d00 000000062b402c78
0x00007087b73fe8c0:   000000062a050f50 00007087b73fe8c8
0x00007087b73fe8d0:   000070872f4019ab 0000000000000002
0x00007087b73fe8e0:   000070872f402ae8 0000000000000000
0x00007087b73fe8f0:   000000062a012a50 000070872f4019d8
0x00007087b73fe900:   00007087b73fe8c0 00007087b73fe928
0x00007087b73fe910:   00007087b73fe970 000070879fd3f2a8
0x00007087b73fe920:   0000000000000000 00007087b73fe928
0x00007087b73fe930:   000070872f402830 0000000000000009
0x00007087b73fe940:   000070872f402ae8 0000000000000000
0x00007087b73fe950:   000000062a012a50 000070872f402878 

Instructions: (pc=0x000070872d00a681)
0x000070872d00a581:   89 c6 48 8b 05 fe 49 00 00 48 89 c7 e8 1e c5 ff
0x000070872d00a591:   ff c9 c3 f3 0f 1e fa 55 48 89 e5 48 83 ec 20 48
0x000070872d00a5a1:   89 7d f8 48 89 75 f0 89 55 ec 89 4d e8 8b 55 e8
0x000070872d00a5b1:   8b 45 ec 89 c6 48 8b 05 cb 49 00 00 48 89 c7 e8
0x000070872d00a5c1:   bb c8 ff ff c9 c3 f3 0f 1e fa 55 48 89 e5 48 83
0x000070872d00a5d1:   ec 20 48 89 7d f8 48 89 75 f0 89 55 ec 89 4d e8
0x000070872d00a5e1:   8b 55 e8 8b 45 ec 89 c6 48 8b 05 98 49 00 00 48
0x000070872d00a5f1:   89 c7 e8 e8 c4 ff ff c9 c3 f3 0f 1e fa 55 48 89
0x000070872d00a601:   e5 48 89 7d f8 48 8b 45 f8 8b 00 5d c3 f3 0f 1e
0x000070872d00a611:   fa 55 48 89 e5 48 89 7d f8 89 75 f4 48 8b 4d f8
0x000070872d00a621:   8b 45 f4 48 63 d0 48 89 d0 48 c1 e0 06 48 01 d0
0x000070872d00a631:   48 c1 e0 02 48 01 c8 48 83 c0 04 8b 00 5d c3 f3
0x000070872d00a641:   0f 1e fa 55 48 89 e5 48 89 7d f8 89 75 f4 89 55
0x000070872d00a651:   f0 48 8b 4d f8 8b 45 f0 48 98 8b 55 f4 48 63 d2
0x000070872d00a661:   48 8d 34 c5 00 00 00 00 48 89 d0 48 c1 e0 06 48
0x000070872d00a671:   01 d0 48 c1 e0 02 48 01 f0 48 01 c8 48 83 c0 08
0x000070872d00a681:   8b 00 5d c3 90 f3 0f 1e fa 55 48 89 e5 48 89 7d
0x000070872d00a691:   f8 89 75 f4 89 55 f0 48 8b 4d f8 8b 45 f0 48 98
0x000070872d00a6a1:   8b 55 f4 48 63 d2 48 8d 34 c5 00 00 00 00 48 89
0x000070872d00a6b1:   d0 48 c1 e0 06 48 01 d0 48 c1 e0 02 48 01 f0 48
0x000070872d00a6c1:   01 c8 48 83 c0 0c 8b 00 5d c3 f3 0f 1e fa 55 48
0x000070872d00a6d1:   89 e5 48 83 ec 20 48 89 7d f8 48 89 75 f0 48 89
0x000070872d00a6e1:   55 e8 48 8b 55 f0 48 8b 45 e8 be 00 00 00 00 48
0x000070872d00a6f1:   89 c7 e8 58 c4 ff ff 48 89 c7 e8 c0 c8 ff ff 48
0x000070872d00a701:   89 c2 48 8b 45 f8 48 89 d6 48 89 c7 e8 0e c6 ff
0x000070872d00a711:   ff 48 8b 45 f8 c9 c3 f3 0f 1e fa 55 48 89 e5 48
0x000070872d00a721:   89 7d f8 48 8b 45 f8 5d c3 f3 0f 1e fa 55 48 89
0x000070872d00a731:   e5 48 83 ec 20 48 89 7d e8 48 89 75 e0 48 8b 45
0x000070872d00a741:   e0 ba 0a 00 00 00 be 00 00 00 00 48 89 c7 e8 bc
0x000070872d00a751:   cc ff ff 89 45 f4 8b 45 f4 eb 2c f3 0f 1e fa 48
0x000070872d00a761:   83 fa 01 74 08 48 89 c7 e8 f2 cb ff ff 48 89 c7
0x000070872d00a771:   e8 7a c4 ff ff 48 89 45 f8 c7 45 f4 00 00 00 00 


Stack slot to memory mapping:

stack at sp + 0 slots: 0x00007087b73fe790 is pointing into the stack for thread: 0x00007087b0019400
stack at sp + 1 slots: 0x000070872d00a5c5: Java_usbInfo_vendorID+0x0000000000000031 in /home/patrick/Mustafar/project/libsysinfo/libsysinfo.so at 0x000070872d000000
stack at sp + 2 slots: 0x000000042bb59218 is an unknown value
stack at sp + 3 slots: 0x0000000400000c39 is an unknown value
stack at sp + 4 slots: 0x00007087b73fe7a0 is pointing into the stack for thread: 0x00007087b0019400
stack at sp + 5 slots: 0x00007087b00197b8 points into unknown readable memory: 0x00007087b88cc060 | 60 c0 8c b8 87 70 00 00
stack at sp + 6 slots: 0x00007087b73fe7e0 is pointing into the stack for thread: 0x00007087b0019400
stack at sp + 7 slots: 0x00007087a0392063 is at entry_point+195 in (nmethod*)0x00007087a0391e10
Compiled method (n/a) 464  754     n 0       usbInfo::vendorID (native)
 total in heap  [0x00007087a0391e10,0x00007087a0392180] = 880
 relocation     [0x00007087a0391f68,0x00007087a0391f98] = 48
 main code      [0x00007087a0391fa0,0x00007087a0392174] = 468
 stub code      [0x00007087a0392174,0x00007087a0392178] = 4
 oops           [0x00007087a0392178,0x00007087a0392180] = 8


Compiled method (n/a) 464  754     n 0       usbInfo::vendorID (native)
 total in heap  [0x00007087a0391e10,0x00007087a0392180] = 880
 relocation     [0x00007087a0391f68,0x00007087a0391f98] = 48
 main code      [0x00007087a0391fa0,0x00007087a0392174] = 468
 stub code      [0x00007087a0392174,0x00007087a0392178] = 4
 oops           [0x00007087a0392178,0x00007087a0392180] = 8

[Constant Pool (empty)]

[MachCode]
[Entry Point]
  # {method} {0x000070872f40e128} 'vendorID' '(II)I' in 'usbInfo'
  # this:     rsi:rsi   = 'usbInfo'
  # parm0:    rdx       = int
  # parm1:    rcx       = int
  #           [sp+0x50]  (sp of caller)
  0x00007087a0391fa0: 448b 5608 | 49bb 0000 | 0033 8770 | 0000 4d03 | d349 3bc2 | 0f84 0600 

  0x00007087a0391fb8: ;   {runtime_call ic_miss_stub}
  0x00007087a0391fb8: 0000 e9c1 | 309f ff90 
[Verified Entry Point]
  0x00007087a0391fc0: 8984 2400 | c0fe ff55 | 488b ec48 | 83ec 4090 | 4181 7f20 | 0100 0000 

  0x00007087a0391fd8: ;   {runtime_call StubRoutines (final stubs)}
  0x00007087a0391fd8: 7405 e8c1 | 949d ff48 | 8934 2448 | 83fe 0048 | 8d34 2448 | 0f44 3424 

  0x00007087a0391ff0: ;   {internal_word}
  0x00007087a0391ff0: c5f8 7749 | baf0 1f39 | a087 7000 | 004d 8997 | a003 0000 | 4989 a798 

  0x00007087a0392008: ;   {external_word}
  0x00007087a0392008: 0300 0080 | 3d23 9057 | 1800 0f84 | 3400 0000 

  0x00007087a0392018: ;   {metadata({method} {0x000070872f40e128} 'vendorID' '(II)I' in 'usbInfo')}
  0x00007087a0392018: 5652 5148 | be28 e140 | 2f87 7000 | 0049 8bff | 40f6 c40f | 0f84 1200 | 0000 4883 

  0x00007087a0392034: ;   {runtime_call SharedRuntime::dtrace_method_entry(JavaThread*, Method*)}
  0x00007087a0392034: ec08 e875 | 00e3 1748 | 83c4 08e9 | 0500 0000 

  0x00007087a0392044: ;   {runtime_call SharedRuntime::dtrace_method_entry(JavaThread*, Method*)}
  0x00007087a0392044: e867 00e3 | 1759 5a5e | 498d bfb8 | 0300 0041 | c787 4404 | 0000 0400 

  0x00007087a039205c: ;   {runtime_call Java_usbInfo_vendorID}
  0x00007087a039205c: 0000 e831 | 85c7 8cc5 | f877 41c7 | 8744 0400 | 0005 0000 | 00f0 8344 | 24c0 0049 | 3baf 4804 
  0x00007087a039207c: 0000 0f87 | 0e00 0000 | 4183 bf40 | 0400 0000 | 0f84 2400 | 0000 c5f8 | 7748 8945 | f849 8bff 
  0x00007087a039209c: 4c8b e448 | 83ec 0048 

  0x00007087a03920a4: ;   {runtime_call JavaThread::check_special_condition_for_native_trans(JavaThread*)}
  0x00007087a03920a4: 83e4 f0e8 | 6489 9917 | 498b e44d | 33e4 488b | 45f8 41c7 | 8744 0400 | 0008 0000 | 0041 83bf 
  0x00007087a03920c4: c004 0000 | 020f 847f 

  0x00007087a03920cc: ;   {external_word}
  0x00007087a03920cc: 0000 0080 | 3d5f 8f57 | 1800 0f84 | 3600 0000 | 4889 45f8 

  0x00007087a03920e0: ;   {metadata({method} {0x000070872f40e128} 'vendorID' '(II)I' in 'usbInfo')}
  0x00007087a03920e0: 48be 28e1 | 402f 8770 | 0000 498b | ff40 f6c4 | 0f0f 8412 | 0000 0048 

  0x00007087a03920f8: ;   {runtime_call SharedRuntime::dtrace_method_exit(JavaThread*, Method*)}
  0x00007087a03920f8: 83ec 08e8 | a000 e317 | 4883 c408 | e905 0000 

  0x00007087a0392108: ;   {runtime_call SharedRuntime::dtrace_method_exit(JavaThread*, Method*)}
  0x00007087a0392108: 00e8 9200 | e317 488b | 45f8 49c7 | 8798 0300 | 0000 0000 | 0049 c787 | a003 0000 | 0000 0000 
  0x00007087a0392128: c5f8 7749 | 8b8f 2804 | 0000 c781 | 0001 0000 | 0000 0000 | c949 837f | 0800 0f85 | 0100 0000 
  0x00007087a0392148: ;   {runtime_call StubRoutines (initial stubs)}
  0x00007087a0392148: c3e9 b25a | 9aff c5f8 | 7748 8945 | f84c 8be4 | 4883 ec00 | 4883 e4f0 

  0x00007087a0392160: ;   {runtime_call SharedRuntime::reguard_yellow_pages()}
  0x00007087a0392160: e8ab 0fe3 | 1749 8be4 | 4d33 e448 | 8b45 f8e9 | 5bff ffff 
[Stub Code]
  0x00007087a0392174: f4f4 f4f4 
[/MachCode]


---------------  P R O C E S S  ---------------

Threads class SMR info:
_java_thread_list=0x000070870828bd50, length=12, elements={
0x00007087b0019400, 0x00007087b0128d80, 0x00007087b012a410, 0x00007087b012bbb0,
0x00007087b012d1f0, 0x00007087b012e790, 0x00007087b01302d0, 0x00007087b0131990,
0x00007087b013d830, 0x00007087b0140a90, 0x000070870818cf60, 0x000070870828abd0
}

Java Threads: ( => current thread )
=>0x00007087b0019400 JavaThread "main"                              [_thread_in_native, id=10496, stack(0x00007087b7300000,0x00007087b7400000) (1024K)]
  0x00007087b0128d80 JavaThread "Reference Handler"          daemon [_thread_blocked, id=10504, stack(0x0000708781900000,0x0000708781a00000) (1024K)]
  0x00007087b012a410 JavaThread "Finalizer"                  daemon [_thread_blocked, id=10505, stack(0x0000708781800000,0x0000708781900000) (1024K)]
  0x00007087b012bbb0 JavaThread "Signal Dispatcher"          daemon [_thread_blocked, id=10506, stack(0x0000708781700000,0x0000708781800000) (1024K)]
  0x00007087b012d1f0 JavaThread "Service Thread"             daemon [_thread_blocked, id=10507, stack(0x0000708781600000,0x0000708781700000) (1024K)]
  0x00007087b012e790 JavaThread "Monitor Deflation Thread"   daemon [_thread_blocked, id=10508, stack(0x0000708781500000,0x0000708781600000) (1024K)]
  0x00007087b01302d0 JavaThread "C2 CompilerThread0"         daemon [_thread_blocked, id=10509, stack(0x0000708781400000,0x0000708781500000) (1024K)]
  0x00007087b0131990 JavaThread "C1 CompilerThread0"         daemon [_thread_blocked, id=10510, stack(0x0000708781300000,0x0000708781400000) (1024K)]
  0x00007087b013d830 JavaThread "Notification Thread"        daemon [_thread_blocked, id=10511, stack(0x000070878112f000,0x000070878122f000) (1024K)]
  0x00007087b0140a90 JavaThread "Common-Cleaner"             daemon [_thread_blocked, id=10512, stack(0x000070878102f000,0x000070878112f000) (1024K)]
  0x000070870818cf60 JavaThread "C2 CompilerThread1"         daemon [_thread_blocked, id=10513, stack(0x0000708780f2f000,0x000070878102f000) (1024K)]
  0x000070870828abd0 JavaThread "C2 CompilerThread2"         daemon [_thread_blocked, id=10514, stack(0x0000708780e2f000,0x0000708780f2f000) (1024K)]
Total: 12

Other Threads:
  0x00007087b011fc70 VMThread "VM Thread"                           [id=10503, stack(0x0000708790035000,0x0000708790135000) (1024K)]
  0x00007087b010ddc0 WatcherThread "VM Periodic Task Thread"        [id=10502, stack(0x0000708790136000,0x0000708790236000) (1024K)]
  0x00007087b0044730 WorkerThread "GC Thread#0"                     [id=10497, stack(0x00007087b4410000,0x00007087b4510000) (1024K)]
  0x0000708728008070 WorkerThread "GC Thread#1"                     [id=10515, stack(0x0000708780844000,0x0000708780944000) (1024K)]
  0x0000708728008ba0 WorkerThread "GC Thread#2"                     [id=10516, stack(0x0000708780743000,0x0000708780843000) (1024K)]
  0x00007087280096d0 WorkerThread "GC Thread#3"                     [id=10517, stack(0x0000708780642000,0x0000708780742000) (1024K)]
  0x000070872800a5f0 WorkerThread "GC Thread#4"                     [id=10518, stack(0x0000708780541000,0x0000708780641000) (1024K)]
  0x000070872800b510 WorkerThread "GC Thread#5"                     [id=10519, stack(0x0000708780440000,0x0000708780540000) (1024K)]
  0x000070872800c460 WorkerThread "GC Thread#6"                     [id=10520, stack(0x000070878033f000,0x000070878043f000) (1024K)]
  0x000070872800d3b0 WorkerThread "GC Thread#7"                     [id=10521, stack(0x000070878023e000,0x000070878033e000) (1024K)]
  0x000070872800e300 WorkerThread "GC Thread#8"                     [id=10522, stack(0x000070878013d000,0x000070878023d000) (1024K)]
  0x000070872800f250 WorkerThread "GC Thread#9"                     [id=10523, stack(0x000070878003c000,0x000070878013c000) (1024K)]
  0x00007087b00555e0 ConcurrentGCThread "G1 Main Marker"            [id=10498, stack(0x00007087b430f000,0x00007087b440f000) (1024K)]
  0x00007087b0056590 WorkerThread "G1 Conc#0"                       [id=10499, stack(0x00007087b420e000,0x00007087b430e000) (1024K)]
  0x00007087b00f30a0 ConcurrentGCThread "G1 Refine#0"               [id=10500, stack(0x00007087903b9000,0x00007087904b9000) (1024K)]
  0x00007087b00f4060 ConcurrentGCThread "G1 Service"                [id=10501, stack(0x00007087902b8000,0x00007087903b8000) (1024K)]
Total: 16

Threads with active compile tasks:
Total: 0

VM state: not at safepoint (normal execution)

VM Mutex/Monitor currently owned by a thread: None

Heap address: 0x000000060f000000, size: 7952 MB, Compressed Oops mode: Zero based, Oop shift amount: 3

CDS archive(s) mapped at: [0x0000708733000000-0x0000708733ca0000-0x0000708733ca0000), size 13238272, SharedBaseAddress: 0x0000708733000000, ArchiveRelocationMode: 1.
Compressed class space mapped at: 0x0000708734000000-0x0000708774000000, reserved size: 1073741824
Narrow klass base: 0x0000708733000000, Narrow klass shift: 0, Narrow klass range: 0x100000000

GC Precious Log:
 CardTable entry size: 512
 Card Set container configuration: InlinePtr #cards 4 size 8 Array Of Cards #cards 32 size 80 Howl #buckets 8 coarsen threshold 7372 Howl Bitmap #cards 1024 size 144 coarsen threshold 921 Card regions per heap region 1 cards per card region 8192
 CPUs: 12 total, 12 available
 Memory: 31800M
 Large Page Support: Disabled
 NUMA Support: Disabled
 Compressed Oops: Enabled (Zero based)
 Heap Region Size: 4M
 Heap Min Capacity: 8M
 Heap Initial Capacity: 500M
 Heap Max Capacity: 7952M
 Pre-touch: Disabled
 Parallel Workers: 10
 Concurrent Workers: 3
 Concurrent Refinement Workers: 10
 Periodic GC: Disabled

Heap:
 garbage-first heap   total 516096K, used 51770K [0x000000060f000000, 0x0000000800000000)
  region size 4096K, 14 young (57344K), 2 survivors (8192K)
 Metaspace       used 987K, committed 1216K, reserved 1114112K
  class space    used 60K, committed 192K, reserved 1048576K

Heap Regions: E=young(eden), S=young(survivor), O=old, HS=humongous(starts), HC=humongous(continues), CS=collection set, F=free, TAMS=top-at-mark-start, PB=parsable bottom
|   0|0x000000060f000000, 0x000000060f000000, 0x000000060f400000|  0%| F|  |TAMS 0x000000060f000000| PB 0x000000060f000000| Untracked 
|   1|0x000000060f400000, 0x000000060f400000, 0x000000060f800000|  0%| F|  |TAMS 0x000000060f400000| PB 0x000000060f400000| Untracked 
|   2|0x000000060f800000, 0x000000060f800000, 0x000000060fc00000|  0%| F|  |TAMS 0x000000060f800000| PB 0x000000060f800000| Untracked 
|   3|0x000000060fc00000, 0x000000060fc00000, 0x0000000610000000|  0%| F|  |TAMS 0x000000060fc00000| PB 0x000000060fc00000| Untracked 
|   4|0x0000000610000000, 0x0000000610000000, 0x0000000610400000|  0%| F|  |TAMS 0x0000000610000000| PB 0x0000000610000000| Untracked 
|   5|0x0000000610400000, 0x0000000610400000, 0x0000000610800000|  0%| F|  |TAMS 0x0000000610400000| PB 0x0000000610400000| Untracked 
|   6|0x0000000610800000, 0x0000000610800000, 0x0000000610c00000|  0%| F|  |TAMS 0x0000000610800000| PB 0x0000000610800000| Untracked 
|   7|0x0000000610c00000, 0x0000000610c00000, 0x0000000611000000|  0%| F|  |TAMS 0x0000000610c00000| PB 0x0000000610c00000| Untracked 
|   8|0x0000000611000000, 0x0000000611000000, 0x0000000611400000|  0%| F|  |TAMS 0x0000000611000000| PB 0x0000000611000000| Untracked 
|   9|0x0000000611400000, 0x0000000611400000, 0x0000000611800000|  0%| F|  |TAMS 0x0000000611400000| PB 0x0000000611400000| Untracked 
|  10|0x0000000611800000, 0x0000000611800000, 0x0000000611c00000|  0%| F|  |TAMS 0x0000000611800000| PB 0x0000000611800000| Untracked 
|  11|0x0000000611c00000, 0x0000000611c00000, 0x0000000612000000|  0%| F|  |TAMS 0x0000000611c00000| PB 0x0000000611c00000| Untracked 
|  12|0x0000000612000000, 0x0000000612000000, 0x0000000612400000|  0%| F|  |TAMS 0x0000000612000000| PB 0x0000000612000000| Untracked 
|  13|0x0000000612400000, 0x0000000612400000, 0x0000000612800000|  0%| F|  |TAMS 0x0000000612400000| PB 0x0000000612400000| Untracked 
|  14|0x0000000612800000, 0x0000000612800000, 0x0000000612c00000|  0%| F|  |TAMS 0x0000000612800000| PB 0x0000000612800000| Untracked 
|  15|0x0000000612c00000, 0x0000000612c00000, 0x0000000613000000|  0%| F|  |TAMS 0x0000000612c00000| PB 0x0000000612c00000| Untracked 
|  16|0x0000000613000000, 0x0000000613000000, 0x0000000613400000|  0%| F|  |TAMS 0x0000000613000000| PB 0x0000000613000000| Untracked 
|  17|0x0000000613400000, 0x0000000613400000, 0x0000000613800000|  0%| F|  |TAMS 0x0000000613400000| PB 0x0000000613400000| Untracked 
|  18|0x0000000613800000, 0x0000000613800000, 0x0000000613c00000|  0%| F|  |TAMS 0x0000000613800000| PB 0x0000000613800000| Untracked 
|  19|0x0000000613c00000, 0x0000000613c00000, 0x0000000614000000|  0%| F|  |TAMS 0x0000000613c00000| PB 0x0000000613c00000| Untracked 
|  20|0x0000000614000000, 0x0000000614000000, 0x0000000614400000|  0%| F|  |TAMS 0x0000000614000000| PB 0x0000000614000000| Untracked 
|  21|0x0000000614400000, 0x0000000614400000, 0x0000000614800000|  0%| F|  |TAMS 0x0000000614400000| PB 0x0000000614400000| Untracked 
|  22|0x0000000614800000, 0x0000000614800000, 0x0000000614c00000|  0%| F|  |TAMS 0x0000000614800000| PB 0x0000000614800000| Untracked 
|  23|0x0000000614c00000, 0x0000000614c00000, 0x0000000615000000|  0%| F|  |TAMS 0x0000000614c00000| PB 0x0000000614c00000| Untracked 
|  24|0x0000000615000000, 0x0000000615000000, 0x0000000615400000|  0%| F|  |TAMS 0x0000000615000000| PB 0x0000000615000000| Untracked 
|  25|0x0000000615400000, 0x0000000615400000, 0x0000000615800000|  0%| F|  |TAMS 0x0000000615400000| PB 0x0000000615400000| Untracked 
|  26|0x0000000615800000, 0x0000000615800000, 0x0000000615c00000|  0%| F|  |TAMS 0x0000000615800000| PB 0x0000000615800000| Untracked 
|  27|0x0000000615c00000, 0x0000000615c00000, 0x0000000616000000|  0%| F|  |TAMS 0x0000000615c00000| PB 0x0000000615c00000| Untracked 
|  28|0x0000000616000000, 0x0000000616000000, 0x0000000616400000|  0%| F|  |TAMS 0x0000000616000000| PB 0x0000000616000000| Untracked 
|  29|0x0000000616400000, 0x0000000616400000, 0x0000000616800000|  0%| F|  |TAMS 0x0000000616400000| PB 0x0000000616400000| Untracked 
|  30|0x0000000616800000, 0x0000000616800000, 0x0000000616c00000|  0%| F|  |TAMS 0x0000000616800000| PB 0x0000000616800000| Untracked 
|  31|0x0000000616c00000, 0x0000000616c00000, 0x0000000617000000|  0%| F|  |TAMS 0x0000000616c00000| PB 0x0000000616c00000| Untracked 
|  32|0x0000000617000000, 0x0000000617000000, 0x0000000617400000|  0%| F|  |TAMS 0x0000000617000000| PB 0x0000000617000000| Untracked 
|  33|0x0000000617400000, 0x0000000617400000, 0x0000000617800000|  0%| F|  |TAMS 0x0000000617400000| PB 0x0000000617400000| Untracked 
|  34|0x0000000617800000, 0x0000000617800000, 0x0000000617c00000|  0%| F|  |TAMS 0x0000000617800000| PB 0x0000000617800000| Untracked 
|  35|0x0000000617c00000, 0x0000000617c00000, 0x0000000618000000|  0%| F|  |TAMS 0x0000000617c00000| PB 0x0000000617c00000| Untracked 
|  36|0x0000000618000000, 0x0000000618000000, 0x0000000618400000|  0%| F|  |TAMS 0x0000000618000000| PB 0x0000000618000000| Untracked 
|  37|0x0000000618400000, 0x0000000618400000, 0x0000000618800000|  0%| F|  |TAMS 0x0000000618400000| PB 0x0000000618400000| Untracked 
|  38|0x0000000618800000, 0x0000000618800000, 0x0000000618c00000|  0%| F|  |TAMS 0x0000000618800000| PB 0x0000000618800000| Untracked 
|  39|0x0000000618c00000, 0x0000000618c00000, 0x0000000619000000|  0%| F|  |TAMS 0x0000000618c00000| PB 0x0000000618c00000| Untracked 
|  40|0x0000000619000000, 0x0000000619000000, 0x0000000619400000|  0%| F|  |TAMS 0x0000000619000000| PB 0x0000000619000000| Untracked 
|  41|0x0000000619400000, 0x0000000619400000, 0x0000000619800000|  0%| F|  |TAMS 0x0000000619400000| PB 0x0000000619400000| Untracked 
|  42|0x0000000619800000, 0x0000000619800000, 0x0000000619c00000|  0%| F|  |TAMS 0x0000000619800000| PB 0x0000000619800000| Untracked 
|  43|0x0000000619c00000, 0x0000000619c00000, 0x000000061a000000|  0%| F|  |TAMS 0x0000000619c00000| PB 0x0000000619c00000| Untracked 
|  44|0x000000061a000000, 0x000000061a000000, 0x000000061a400000|  0%| F|  |TAMS 0x000000061a000000| PB 0x000000061a000000| Untracked 
|  45|0x000000061a400000, 0x000000061a400000, 0x000000061a800000|  0%| F|  |TAMS 0x000000061a400000| PB 0x000000061a400000| Untracked 
|  46|0x000000061a800000, 0x000000061a800000, 0x000000061ac00000|  0%| F|  |TAMS 0x000000061a800000| PB 0x000000061a800000| Untracked 
|  47|0x000000061ac00000, 0x000000061ac00000, 0x000000061b000000|  0%| F|  |TAMS 0x000000061ac00000| PB 0x000000061ac00000| Untracked 
|  48|0x000000061b000000, 0x000000061b000000, 0x000000061b400000|  0%| F|  |TAMS 0x000000061b000000| PB 0x000000061b000000| Untracked 
|  49|0x000000061b400000, 0x000000061b400000, 0x000000061b800000|  0%| F|  |TAMS 0x000000061b400000| PB 0x000000061b400000| Untracked 
|  50|0x000000061b800000, 0x000000061b800000, 0x000000061bc00000|  0%| F|  |TAMS 0x000000061b800000| PB 0x000000061b800000| Untracked 
|  51|0x000000061bc00000, 0x000000061bc00000, 0x000000061c000000|  0%| F|  |TAMS 0x000000061bc00000| PB 0x000000061bc00000| Untracked 
|  52|0x000000061c000000, 0x000000061c000000, 0x000000061c400000|  0%| F|  |TAMS 0x000000061c000000| PB 0x000000061c000000| Untracked 
|  53|0x000000061c400000, 0x000000061c400000, 0x000000061c800000|  0%| F|  |TAMS 0x000000061c400000| PB 0x000000061c400000| Untracked 
|  54|0x000000061c800000, 0x000000061c800000, 0x000000061cc00000|  0%| F|  |TAMS 0x000000061c800000| PB 0x000000061c800000| Untracked 
|  55|0x000000061cc00000, 0x000000061cc00000, 0x000000061d000000|  0%| F|  |TAMS 0x000000061cc00000| PB 0x000000061cc00000| Untracked 
|  56|0x000000061d000000, 0x000000061d000000, 0x000000061d400000|  0%| F|  |TAMS 0x000000061d000000| PB 0x000000061d000000| Untracked 
|  57|0x000000061d400000, 0x000000061d400000, 0x000000061d800000|  0%| F|  |TAMS 0x000000061d400000| PB 0x000000061d400000| Untracked 
|  58|0x000000061d800000, 0x000000061d800000, 0x000000061dc00000|  0%| F|  |TAMS 0x000000061d800000| PB 0x000000061d800000| Untracked 
|  59|0x000000061dc00000, 0x000000061dc00000, 0x000000061e000000|  0%| F|  |TAMS 0x000000061dc00000| PB 0x000000061dc00000| Untracked 
|  60|0x000000061e000000, 0x000000061e000000, 0x000000061e400000|  0%| F|  |TAMS 0x000000061e000000| PB 0x000000061e000000| Untracked 
|  61|0x000000061e400000, 0x000000061e400000, 0x000000061e800000|  0%| F|  |TAMS 0x000000061e400000| PB 0x000000061e400000| Untracked 
|  62|0x000000061e800000, 0x000000061e800000, 0x000000061ec00000|  0%| F|  |TAMS 0x000000061e800000| PB 0x000000061e800000| Untracked 
|  63|0x000000061ec00000, 0x000000061ec00000, 0x000000061f000000|  0%| F|  |TAMS 0x000000061ec00000| PB 0x000000061ec00000| Untracked 
|  64|0x000000061f000000, 0x000000061f000000, 0x000000061f400000|  0%| F|  |TAMS 0x000000061f000000| PB 0x000000061f000000| Untracked 
|  65|0x000000061f400000, 0x000000061f400000, 0x000000061f800000|  0%| F|  |TAMS 0x000000061f400000| PB 0x000000061f400000| Untracked 
|  66|0x000000061f800000, 0x000000061f800000, 0x000000061fc00000|  0%| F|  |TAMS 0x000000061f800000| PB 0x000000061f800000| Untracked 
|  67|0x000000061fc00000, 0x000000061fc00000, 0x0000000620000000|  0%| F|  |TAMS 0x000000061fc00000| PB 0x000000061fc00000| Untracked 
|  68|0x0000000620000000, 0x0000000620000000, 0x0000000620400000|  0%| F|  |TAMS 0x0000000620000000| PB 0x0000000620000000| Untracked 
|  69|0x0000000620400000, 0x0000000620400000, 0x0000000620800000|  0%| F|  |TAMS 0x0000000620400000| PB 0x0000000620400000| Untracked 
|  70|0x0000000620800000, 0x0000000620800000, 0x0000000620c00000|  0%| F|  |TAMS 0x0000000620800000| PB 0x0000000620800000| Untracked 
|  71|0x0000000620c00000, 0x0000000620c00000, 0x0000000621000000|  0%| F|  |TAMS 0x0000000620c00000| PB 0x0000000620c00000| Untracked 
|  72|0x0000000621000000, 0x0000000621000000, 0x0000000621400000|  0%| F|  |TAMS 0x0000000621000000| PB 0x0000000621000000| Untracked 
|  73|0x0000000621400000, 0x0000000621400000, 0x0000000621800000|  0%| F|  |TAMS 0x0000000621400000| PB 0x0000000621400000| Untracked 
|  74|0x0000000621800000, 0x0000000621800000, 0x0000000621c00000|  0%| F|  |TAMS 0x0000000621800000| PB 0x0000000621800000| Untracked 
|  75|0x0000000621c00000, 0x0000000621c00000, 0x0000000622000000|  0%| F|  |TAMS 0x0000000621c00000| PB 0x0000000621c00000| Untracked 
|  76|0x0000000622000000, 0x0000000622000000, 0x0000000622400000|  0%| F|  |TAMS 0x0000000622000000| PB 0x0000000622000000| Untracked 
|  77|0x0000000622400000, 0x0000000622400000, 0x0000000622800000|  0%| F|  |TAMS 0x0000000622400000| PB 0x0000000622400000| Untracked 
|  78|0x0000000622800000, 0x0000000622800000, 0x0000000622c00000|  0%| F|  |TAMS 0x0000000622800000| PB 0x0000000622800000| Untracked 
|  79|0x0000000622c00000, 0x0000000622c00000, 0x0000000623000000|  0%| F|  |TAMS 0x0000000622c00000| PB 0x0000000622c00000| Untracked 
|  80|0x0000000623000000, 0x0000000623000000, 0x0000000623400000|  0%| F|  |TAMS 0x0000000623000000| PB 0x0000000623000000| Untracked 
|  81|0x0000000623400000, 0x0000000623400000, 0x0000000623800000|  0%| F|  |TAMS 0x0000000623400000| PB 0x0000000623400000| Untracked 
|  82|0x0000000623800000, 0x0000000623800000, 0x0000000623c00000|  0%| F|  |TAMS 0x0000000623800000| PB 0x0000000623800000| Untracked 
|  83|0x0000000623c00000, 0x0000000623c00000, 0x0000000624000000|  0%| F|  |TAMS 0x0000000623c00000| PB 0x0000000623c00000| Untracked 
|  84|0x0000000624000000, 0x0000000624000000, 0x0000000624400000|  0%| F|  |TAMS 0x0000000624000000| PB 0x0000000624000000| Untracked 
|  85|0x0000000624400000, 0x0000000624400000, 0x0000000624800000|  0%| F|  |TAMS 0x0000000624400000| PB 0x0000000624400000| Untracked 
|  86|0x0000000624800000, 0x0000000624800000, 0x0000000624c00000|  0%| F|  |TAMS 0x0000000624800000| PB 0x0000000624800000| Untracked 
|  87|0x0000000624c00000, 0x0000000624c00000, 0x0000000625000000|  0%| F|  |TAMS 0x0000000624c00000| PB 0x0000000624c00000| Untracked 
|  88|0x0000000625000000, 0x0000000625000000, 0x0000000625400000|  0%| F|  |TAMS 0x0000000625000000| PB 0x0000000625000000| Untracked 
|  89|0x0000000625400000, 0x0000000625400000, 0x0000000625800000|  0%| F|  |TAMS 0x0000000625400000| PB 0x0000000625400000| Untracked 
|  90|0x0000000625800000, 0x0000000625800000, 0x0000000625c00000|  0%| F|  |TAMS 0x0000000625800000| PB 0x0000000625800000| Untracked 
|  91|0x0000000625c00000, 0x0000000625c00000, 0x0000000626000000|  0%| F|  |TAMS 0x0000000625c00000| PB 0x0000000625c00000| Untracked 
|  92|0x0000000626000000, 0x0000000626000000, 0x0000000626400000|  0%| F|  |TAMS 0x0000000626000000| PB 0x0000000626000000| Untracked 
|  93|0x0000000626400000, 0x0000000626400000, 0x0000000626800000|  0%| F|  |TAMS 0x0000000626400000| PB 0x0000000626400000| Untracked 
|  94|0x0000000626800000, 0x0000000626800000, 0x0000000626c00000|  0%| F|  |TAMS 0x0000000626800000| PB 0x0000000626800000| Untracked 
|  95|0x0000000626c00000, 0x0000000626c00000, 0x0000000627000000|  0%| F|  |TAMS 0x0000000626c00000| PB 0x0000000626c00000| Untracked 
|  96|0x0000000627000000, 0x0000000627000000, 0x0000000627400000|  0%| F|  |TAMS 0x0000000627000000| PB 0x0000000627000000| Untracked 
|  97|0x0000000627400000, 0x0000000627400000, 0x0000000627800000|  0%| F|  |TAMS 0x0000000627400000| PB 0x0000000627400000| Untracked 
|  98|0x0000000627800000, 0x0000000627800000, 0x0000000627c00000|  0%| F|  |TAMS 0x0000000627800000| PB 0x0000000627800000| Untracked 
|  99|0x0000000627c00000, 0x0000000627c00000, 0x0000000628000000|  0%| F|  |TAMS 0x0000000627c00000| PB 0x0000000627c00000| Untracked 
| 100|0x0000000628000000, 0x0000000628000000, 0x0000000628400000|  0%| F|  |TAMS 0x0000000628000000| PB 0x0000000628000000| Untracked 
| 101|0x0000000628400000, 0x0000000628400000, 0x0000000628800000|  0%| F|  |TAMS 0x0000000628400000| PB 0x0000000628400000| Untracked 
| 102|0x0000000628800000, 0x0000000628800000, 0x0000000628c00000|  0%| F|  |TAMS 0x0000000628800000| PB 0x0000000628800000| Untracked 
| 103|0x0000000628c00000, 0x0000000628c00000, 0x0000000629000000|  0%| F|  |TAMS 0x0000000628c00000| PB 0x0000000628c00000| Untracked 
| 104|0x0000000629000000, 0x0000000629000000, 0x0000000629400000|  0%| F|  |TAMS 0x0000000629000000| PB 0x0000000629000000| Untracked 
| 105|0x0000000629400000, 0x0000000629400000, 0x0000000629800000|  0%| F|  |TAMS 0x0000000629400000| PB 0x0000000629400000| Untracked 
| 106|0x0000000629800000, 0x0000000629800000, 0x0000000629c00000|  0%| F|  |TAMS 0x0000000629800000| PB 0x0000000629800000| Untracked 
| 107|0x0000000629c00000, 0x0000000629d81f50, 0x000000062a000000| 37%| S|CS|TAMS 0x0000000629c00000| PB 0x0000000629c00000| Complete 
| 108|0x000000062a000000, 0x000000062a400000, 0x000000062a400000|100%| S|CS|TAMS 0x000000062a000000| PB 0x000000062a000000| Complete 
| 109|0x000000062a400000, 0x000000062a400000, 0x000000062a800000|  0%| F|  |TAMS 0x000000062a400000| PB 0x000000062a400000| Untracked 
| 110|0x000000062a800000, 0x000000062a800000, 0x000000062ac00000|  0%| F|  |TAMS 0x000000062a800000| PB 0x000000062a800000| Untracked 
| 111|0x000000062ac00000, 0x000000062ac00000, 0x000000062b000000|  0%| F|  |TAMS 0x000000062ac00000| PB 0x000000062ac00000| Untracked 
| 112|0x000000062b000000, 0x000000062b000000, 0x000000062b400000|  0%| F|  |TAMS 0x000000062b000000| PB 0x000000062b000000| Untracked 
| 113|0x000000062b400000, 0x000000062b747970, 0x000000062b800000| 81%| E|  |TAMS 0x000000062b400000| PB 0x000000062b400000| Complete 
| 114|0x000000062b800000, 0x000000062bc00000, 0x000000062bc00000|100%| E|CS|TAMS 0x000000062b800000| PB 0x000000062b800000| Complete 
| 115|0x000000062bc00000, 0x000000062c000000, 0x000000062c000000|100%| E|CS|TAMS 0x000000062bc00000| PB 0x000000062bc00000| Complete 
| 116|0x000000062c000000, 0x000000062c400000, 0x000000062c400000|100%| E|CS|TAMS 0x000000062c000000| PB 0x000000062c000000| Complete 
| 117|0x000000062c400000, 0x000000062c800000, 0x000000062c800000|100%| E|CS|TAMS 0x000000062c400000| PB 0x000000062c400000| Complete 
| 118|0x000000062c800000, 0x000000062cc00000, 0x000000062cc00000|100%| E|CS|TAMS 0x000000062c800000| PB 0x000000062c800000| Complete 
| 119|0x000000062cc00000, 0x000000062d000000, 0x000000062d000000|100%| E|CS|TAMS 0x000000062cc00000| PB 0x000000062cc00000| Complete 
| 120|0x000000062d000000, 0x000000062d400000, 0x000000062d400000|100%| E|CS|TAMS 0x000000062d000000| PB 0x000000062d000000| Complete 
| 121|0x000000062d400000, 0x000000062d800000, 0x000000062d800000|100%| E|CS|TAMS 0x000000062d400000| PB 0x000000062d400000| Complete 
| 122|0x000000062d800000, 0x000000062dc00000, 0x000000062dc00000|100%| E|CS|TAMS 0x000000062d800000| PB 0x000000062d800000| Complete 
| 123|0x000000062dc00000, 0x000000062e000000, 0x000000062e000000|100%| E|CS|TAMS 0x000000062dc00000| PB 0x000000062dc00000| Complete 
| 124|0x000000062e000000, 0x000000062e400000, 0x000000062e400000|100%| E|CS|TAMS 0x000000062e000000| PB 0x000000062e000000| Complete 
|1987|0x00000007ffc00000, 0x00000007ffd0c8b0, 0x0000000800000000| 26%| O|  |TAMS 0x00000007ffc00000| PB 0x00000007ffc00000| Untracked 

Card table byte_map: [0x00007087b4510000,0x00007087b5498000] _byte_map_base: 0x00007087b1498000

Marking Bits: (CMBitMap*) 0x00007087b0045260
 Bits: [0x0000708790bc0000, 0x0000708798800000)

Polling page: 0x00007087b8e04000

Metaspace:

Usage:
  Non-class:    927.52 KB used.
      Class:     60.23 KB used.
       Both:    987.75 KB used.

Virtual space:
  Non-class space:       64.00 MB reserved,       1.00 MB (  2%) committed,  1 nodes.
      Class space:        1.00 GB reserved,     192.00 KB ( <1%) committed,  1 nodes.
             Both:        1.06 GB reserved,       1.19 MB ( <1%) committed. 

Chunk freelists:
   Non-Class:  11.86 MB
       Class:  15.69 MB
        Both:  27.54 MB

MaxMetaspaceSize: unlimited
CompressedClassSpaceSize: 1.00 GB
Initial GC threshold: 21.00 MB
Current GC threshold: 21.00 MB
CDS: on
 - commit_granule_bytes: 65536.
 - commit_granule_words: 8192.
 - virtual_space_node_default_size: 8388608.
 - enlarge_chunks_in_place: 1.
 - use_allocation_guard: 0.


Internal statistics:

num_allocs_failed_limit: 0.
num_arena_births: 80.
num_arena_deaths: 0.
num_vsnodes_births: 2.
num_vsnodes_deaths: 0.
num_space_committed: 19.
num_space_uncommitted: 0.
num_chunks_returned_to_freelist: 0.
num_chunks_taken_from_freelist: 106.
num_chunk_merges: 0.
num_chunk_splits: 65.
num_chunks_enlarged: 29.
num_inconsistent_stats: 0.

CodeHeap 'non-profiled nmethods': size=120028Kb used=827Kb max_used=827Kb free=119201Kb
 bounds [0x00007087a02c9000, 0x00007087a0539000, 0x00007087a7800000]
CodeHeap 'profiled nmethods': size=120028Kb used=1302Kb max_used=1302Kb free=118726Kb
 bounds [0x0000708798800000, 0x0000708798a70000, 0x000070879fd37000]
CodeHeap 'non-nmethods': size=5704Kb used=1280Kb max_used=1347Kb free=4423Kb
 bounds [0x000070879fd37000, 0x000070879ffa7000, 0x00007087a02c9000]
CodeCache: size=245760Kb, used=3409Kb, max_used=3476Kb, free=242350Kb
 total_blobs=1213, nmethods=803, adapters=316, full_count=0
Compilation: enabled, stopped_count=0, restarted_count=0

Compilation events (20 events):
Event: 0.460 Thread 0x00007087b01302d0  799       4       java.util.Formatter$FormatSpecifier::trailingZeros (21 bytes)
Event: 0.460 Thread 0x00007087b0131990 nmethod 747 0x0000708798942510 code [0x00007087989426c0, 0x0000708798942858]
Event: 0.460 Thread 0x00007087b0131990  749       2       java.lang.invoke.DirectMethodHandle::internalMemberName (8 bytes)
Event: 0.460 Thread 0x00007087b0131990 nmethod 749 0x0000708798942910 code [0x0000708798942aa0, 0x0000708798942bc8]
Event: 0.460 Thread 0x00007087b0131990  786       3       java.lang.invoke.LambdaForm$MH/0x0000708734010400::invoke (110 bytes)
Event: 0.460 Thread 0x000070870828abd0 nmethod 791 0x00007087a0394410 code [0x00007087a03945e0, 0x00007087a03948b8]
Event: 0.460 Thread 0x000070870828abd0  796       4       java.util.Formatter$Flags::contains (13 bytes)
Event: 0.460 Thread 0x00007087b0131990 nmethod 786 0x0000708798942c90 code [0x0000708798942ee0, 0x0000708798943b40]
Event: 0.460 Thread 0x00007087b0131990  787       3       java.lang.invoke.LambdaForm$MH/0x000070873400fc00::invoke (46 bytes)
Event: 0.460 Thread 0x00007087b0131990 nmethod 787 0x0000708798943e90 code [0x0000708798944060, 0x00007087989445f8]
Event: 0.460 Thread 0x00007087b0131990  788       3       java.lang.invoke.DelegatingMethodHandle$Holder::reinvoke_L (20 bytes)
Event: 0.460 Thread 0x00007087b0131990 nmethod 788 0x0000708798944790 code [0x0000708798944960, 0x0000708798944d58]
Event: 0.460 Thread 0x00007087b0131990  789       3       java.lang.invoke.LambdaForm$MH/0x000070873400e800::invoke (45 bytes)
Event: 0.460 Thread 0x000070870828abd0 nmethod 796 0x00007087a0394b10 code [0x00007087a0394c80, 0x00007087a0394cf8]
Event: 0.460 Thread 0x000070870828abd0  797       4       java.util.Formatter$FormatSpecifier::checkBadFlags (24 bytes)
Event: 0.460 Thread 0x00007087b0131990 nmethod 789 0x0000708798944e90 code [0x0000708798945060, 0x0000708798945678]
Event: 0.460 Thread 0x000070870828abd0 nmethod 797 0x00007087a0394e10 code [0x00007087a0394f80, 0x00007087a0395030]
Event: 0.460 Thread 0x000070870828abd0  798       4       java.lang.Long::toHexString (6 bytes)
Event: 0.460 Thread 0x000070870818cf60 nmethod 792 0x00007087a0395110 code [0x00007087a03952e0, 0x00007087a0395898]
Event: 0.460 Thread 0x000070870818cf60  802       4       java.lang.StringLatin1::toLowerCase (186 bytes)

GC Heap History (4 events):
Event: 0.130 GC heap before
{Heap before GC invocations=0 (full 0):
 garbage-first heap   total 516096K, used 25650K [0x000000060f000000, 0x0000000800000000)
  region size 4096K, 6 young (24576K), 0 survivors (0K)
 Metaspace       used 570K, committed 768K, reserved 1114112K
  class space    used 22K, committed 128K, reserved 1048576K
}
Event: 0.132 GC heap after
{Heap after GC invocations=1 (full 0):
 garbage-first heap   total 516096K, used 3207K [0x000000060f000000, 0x0000000800000000)
  region size 4096K, 1 young (4096K), 1 survivors (4096K)
 Metaspace       used 570K, committed 768K, reserved 1114112K
  class space    used 22K, committed 128K, reserved 1048576K
}
Event: 0.309 GC heap before
{Heap before GC invocations=1 (full 0):
 garbage-first heap   total 516096K, used 64647K [0x000000060f000000, 0x0000000800000000)
  region size 4096K, 16 young (65536K), 1 survivors (4096K)
 Metaspace       used 640K, committed 768K, reserved 1114112K
  class space    used 26K, committed 128K, reserved 1048576K
}
Event: 0.311 GC heap after
{Heap after GC invocations=2 (full 0):
 garbage-first heap   total 516096K, used 6714K [0x000000060f000000, 0x0000000800000000)
  region size 4096K, 2 young (8192K), 2 survivors (8192K)
 Metaspace       used 640K, committed 768K, reserved 1114112K
  class space    used 26K, committed 128K, reserved 1048576K
}

Dll operation events (6 events):
Event: 0.001 Loaded shared library /usr/lib/jvm/java-21-openjdk-amd64/lib/libjava.so
Event: 0.015 Loaded shared library /usr/lib/jvm/java-21-openjdk-amd64/lib/libjsvml.so
Event: 0.017 Loaded shared library /usr/lib/jvm/java-21-openjdk-amd64/lib/libnio.so
Event: 0.019 Loaded shared library /usr/lib/jvm/java-21-openjdk-amd64/lib/libzip.so
Event: 0.021 Loaded shared library /home/patrick/Mustafar/project/libsysinfo/libsysinfo.so
Event: 0.432 Loaded shared library /usr/lib/jvm/java-21-openjdk-amd64/lib/libjimage.so

Deoptimization events (20 events):
Event: 0.434 Thread 0x00007087b0019400 Uncommon trap: trap_request=0xffffffde fr.pc=0x00007087a0374aec relative=0x00000000000000ac
Event: 0.434 Thread 0x00007087b0019400 Uncommon trap: reason=class_check action=maybe_recompile pc=0x00007087a0374aec method=java.util.regex.Pattern$Node.study(Ljava/util/regex/Pattern$TreeInfo;)Z @ 12 c2
Event: 0.434 Thread 0x00007087b0019400 DEOPT PACKING pc=0x00007087a0374aec sp=0x00007087b73fd640
Event: 0.434 Thread 0x00007087b0019400 DEOPT UNPACKING pc=0x000070879fd8af99 sp=0x00007087b73fd5f8 mode 2
Event: 0.434 Thread 0x00007087b0019400 Uncommon trap: trap_request=0xffffffde fr.pc=0x00007087a0374aec relative=0x00000000000000ac
Event: 0.434 Thread 0x00007087b0019400 Uncommon trap: reason=class_check action=maybe_recompile pc=0x00007087a0374aec method=java.util.regex.Pattern$Node.study(Ljava/util/regex/Pattern$TreeInfo;)Z @ 12 c2
Event: 0.434 Thread 0x00007087b0019400 DEOPT PACKING pc=0x00007087a0374aec sp=0x00007087b73fd5d0
Event: 0.434 Thread 0x00007087b0019400 DEOPT UNPACKING pc=0x000070879fd8af99 sp=0x00007087b73fd588 mode 2
Event: 0.434 Thread 0x00007087b0019400 Uncommon trap: trap_request=0xffffffde fr.pc=0x00007087a0374aec relative=0x00000000000000ac
Event: 0.434 Thread 0x00007087b0019400 Uncommon trap: reason=class_check action=maybe_recompile pc=0x00007087a0374aec method=java.util.regex.Pattern$Node.study(Ljava/util/regex/Pattern$TreeInfo;)Z @ 12 c2
Event: 0.434 Thread 0x00007087b0019400 DEOPT PACKING pc=0x00007087a0374aec sp=0x00007087b73fd290
Event: 0.434 Thread 0x00007087b0019400 DEOPT UNPACKING pc=0x000070879fd8af99 sp=0x00007087b73fd248 mode 2
Event: 0.437 Thread 0x00007087b0019400 Uncommon trap: trap_request=0xffffff45 fr.pc=0x00007087a02fea54 relative=0x0000000000000054
Event: 0.437 Thread 0x00007087b0019400 Uncommon trap: reason=unstable_if action=reinterpret pc=0x00007087a02fea54 method=java.lang.CharacterData.of(I)Ljava/lang/CharacterData; @ 4 c2
Event: 0.437 Thread 0x00007087b0019400 DEOPT PACKING pc=0x00007087a02fea54 sp=0x00007087b73fdfc0
Event: 0.437 Thread 0x00007087b0019400 DEOPT UNPACKING pc=0x000070879fd8af99 sp=0x00007087b73fdf80 mode 2
Event: 0.459 Thread 0x00007087b0019400 DEOPT PACKING pc=0x0000708798909deb sp=0x00007087b73fe430
Event: 0.459 Thread 0x00007087b0019400 DEOPT UNPACKING pc=0x000070879fd8b72f sp=0x00007087b73fd930 mode 0
Event: 0.461 Thread 0x00007087b0019400 DEOPT PACKING pc=0x000070879884e620 sp=0x00007087b73fe3e0
Event: 0.461 Thread 0x00007087b0019400 DEOPT UNPACKING pc=0x000070879fd8b72f sp=0x00007087b73fd8a8 mode 0

Classes loaded (20 events):
Event: 0.432 Loading class sun/net/www/protocol/jrt/Handler
Event: 0.432 Loading class sun/net/www/protocol/jrt/Handler done
Event: 0.434 Loading class sun/util/resources/LocaleData$CommonResourceBundleProvider
Event: 0.434 Loading class sun/util/resources/LocaleData$LocaleDataResourceBundleProvider
Event: 0.434 Loading class java/util/spi/ResourceBundleProvider
Event: 0.434 Loading class java/util/spi/ResourceBundleProvider done
Event: 0.434 Loading class sun/util/resources/LocaleData$LocaleDataResourceBundleProvider done
Event: 0.434 Loading class sun/util/resources/LocaleData$CommonResourceBundleProvider done
Event: 0.435 Loading class java/util/ArrayList$SubList$1
Event: 0.435 Loading class java/util/ArrayList$SubList$1 done
Event: 0.435 Loading class sun/text/resources/cldr/FormatData_en
Event: 0.435 Loading class sun/text/resources/cldr/FormatData_en done
Event: 0.435 Loading class sun/util/resources/Bundles$2
Event: 0.435 Loading class sun/util/resources/Bundles$2 done
Event: 0.435 Loading class java/lang/InstantiationException
Event: 0.435 Loading class java/lang/InstantiationException done
Event: 0.435 Loading class java/lang/IllegalAccessException
Event: 0.435 Loading class java/lang/IllegalAccessException done
Event: 0.436 Loading class java/lang/Class$1
Event: 0.436 Loading class java/lang/Class$1 done

Classes unloaded (0 events):
No events

Classes redefined (0 events):
No events

Internal exceptions (1 events):
Event: 0.431 Thread 0x00007087b0019400 Implicit null exception at 0x00007087a0382863 to 0x00007087a03829c4

ZGC Phase Switch (0 events):
No events

VM Operations (6 events):
Event: 0.130 Executing VM operation: G1CollectForAllocation (G1 Evacuation Pause)
Event: 0.132 Executing VM operation: G1CollectForAllocation (G1 Evacuation Pause) done
Event: 0.309 Executing VM operation: G1CollectForAllocation (G1 Evacuation Pause)
Event: 0.311 Executing VM operation: G1CollectForAllocation (G1 Evacuation Pause) done
Event: 0.437 Executing VM operation: HandshakeAllThreads (Deoptimize)
Event: 0.437 Executing VM operation: HandshakeAllThreads (Deoptimize) done

Memory protections (12 events):
Event: 0.001 Protecting memory [0x00007087b7300000,0x00007087b7304000] with protection modes 0
Event: 0.014 Protecting memory [0x0000708781900000,0x0000708781904000] with protection modes 0
Event: 0.014 Protecting memory [0x0000708781800000,0x0000708781804000] with protection modes 0
Event: 0.014 Protecting memory [0x0000708781700000,0x0000708781704000] with protection modes 0
Event: 0.014 Protecting memory [0x0000708781600000,0x0000708781604000] with protection modes 0
Event: 0.014 Protecting memory [0x0000708781500000,0x0000708781504000] with protection modes 0
Event: 0.014 Protecting memory [0x0000708781400000,0x0000708781404000] with protection modes 0
Event: 0.014 Protecting memory [0x0000708781300000,0x0000708781304000] with protection modes 0
Event: 0.016 Protecting memory [0x000070878112f000,0x0000708781133000] with protection modes 0
Event: 0.017 Protecting memory [0x000070878102f000,0x0000708781033000] with protection modes 0
Event: 0.044 Protecting memory [0x0000708780f2f000,0x0000708780f33000] with protection modes 0
Event: 0.054 Protecting memory [0x0000708780e2f000,0x0000708780e33000] with protection modes 0

Nmethod flushes (0 events):
No events

Events (12 events):
Event: 0.010 Thread 0x00007087b0019400 Thread added: 0x00007087b0019400
Event: 0.014 Thread 0x00007087b0019400 Thread added: 0x00007087b0128d80
Event: 0.014 Thread 0x00007087b0019400 Thread added: 0x00007087b012a410
Event: 0.014 Thread 0x00007087b0019400 Thread added: 0x00007087b012bbb0
Event: 0.014 Thread 0x00007087b0019400 Thread added: 0x00007087b012d1f0
Event: 0.014 Thread 0x00007087b0019400 Thread added: 0x00007087b012e790
Event: 0.014 Thread 0x00007087b0019400 Thread added: 0x00007087b01302d0
Event: 0.014 Thread 0x00007087b0019400 Thread added: 0x00007087b0131990
Event: 0.016 Thread 0x00007087b0019400 Thread added: 0x00007087b013d830
Event: 0.017 Thread 0x00007087b0019400 Thread added: 0x00007087b0140a90
Event: 0.044 Thread 0x00007087b0131990 Thread added: 0x000070870818cf60
Event: 0.054 Thread 0x00007087b0131990 Thread added: 0x000070870828abd0


Dynamic libraries:
60f000000-62e400000 rw-p 00000000 00:00 0 
62e400000-7ffc00000 ---p 00000000 00:00 0 
7ffc00000-7ffd0d000 rw-p 00cdf000 103:05 1244351                         /usr/lib/jvm/java-21-openjdk-amd64/lib/server/classes.jsa
7ffd0d000-800000000 rw-p 00000000 00:00 0 
5aa5df0b2000-5aa5df0b3000 r--p 00000000 103:05 1244198                   /usr/lib/jvm/java-21-openjdk-amd64/bin/java
5aa5df0b3000-5aa5df0b4000 r-xp 00001000 103:05 1244198                   /usr/lib/jvm/java-21-openjdk-amd64/bin/java
5aa5df0b4000-5aa5df0b5000 r--p 00002000 103:05 1244198                   /usr/lib/jvm/java-21-openjdk-amd64/bin/java
5aa5df0b5000-5aa5df0b6000 r--p 00002000 103:05 1244198                   /usr/lib/jvm/java-21-openjdk-amd64/bin/java
5aa5df0b6000-5aa5df0b7000 rw-p 00003000 103:05 1244198                   /usr/lib/jvm/java-21-openjdk-amd64/bin/java
5aa5feb96000-5aa5febdd000 rw-p 00000000 00:00 0                          [heap]
7086d8000000-7086d8021000 rw-p 00000000 00:00 0 
7086d8021000-7086dc000000 ---p 00000000 00:00 0 
7086dc000000-7086dc021000 rw-p 00000000 00:00 0 
7086dc021000-7086e0000000 ---p 00000000 00:00 0 
7086e0000000-7086e0021000 rw-p 00000000 00:00 0 
7086e0021000-7086e4000000 ---p 00000000 00:00 0 
7086e4000000-7086e4021000 rw-p 00000000 00:00 0 
7086e4021000-7086e8000000 ---p 00000000 00:00 0 
7086e8000000-7086e8021000 rw-p 00000000 00:00 0 
7086e8021000-7086ec000000 ---p 00000000 00:00 0 
7086ec000000-7086ec021000 rw-p 00000000 00:00 0 
7086ec021000-7086f0000000 ---p 00000000 00:00 0 
7086f0000000-7086f0021000 rw-p 00000000 00:00 0 
7086f0021000-7086f4000000 ---p 00000000 00:00 0 
7086f4000000-7086f4021000 rw-p 00000000 00:00 0 
7086f4021000-7086f8000000 ---p 00000000 00:00 0 
7086f8000000-7086f975a000 rw-p 00000000 00:00 0 
7086f975a000-7086fc000000 ---p 00000000 00:00 0 
7086fc000000-7086fc021000 rw-p 00000000 00:00 0 
7086fc021000-708700000000 ---p 00000000 00:00 0 
708700000000-708700021000 rw-p 00000000 00:00 0 
708700021000-708704000000 ---p 00000000 00:00 0 
708704000000-708706232000 rw-p 00000000 00:00 0 
708706232000-708708000000 ---p 00000000 00:00 0 
708708000000-708708741000 rw-p 00000000 00:00 0 
708708741000-70870c000000 ---p 00000000 00:00 0 
70870c000000-70870c021000 rw-p 00000000 00:00 0 
70870c021000-708710000000 ---p 00000000 00:00 0 
708710000000-708710021000 rw-p 00000000 00:00 0 
708710021000-708714000000 ---p 00000000 00:00 0 
708714000000-7087157ca000 rw-p 00000000 00:00 0 
7087157ca000-708718000000 ---p 00000000 00:00 0 
708718000000-708718021000 rw-p 00000000 00:00 0 
708718021000-70871c000000 ---p 00000000 00:00 0 
70871c000000-70871c021000 rw-p 00000000 00:00 0 
70871c021000-708720000000 ---p 00000000 00:00 0 
708720000000-708720021000 rw-p 00000000 00:00 0 
708720021000-708724000000 ---p 00000000 00:00 0 
708724000000-708724021000 rw-p 00000000 00:00 0 
708724021000-708728000000 ---p 00000000 00:00 0 
708728000000-708728021000 rw-p 00000000 00:00 0 
708728021000-70872c000000 ---p 00000000 00:00 0 
70872d000000-70872d006000 r--p 00000000 103:05 1716214                   /home/patrick/Mustafar/project/libsysinfo/libsysinfo.so
70872d006000-70872d00c000 r-xp 00006000 103:05 1716214                   /home/patrick/Mustafar/project/libsysinfo/libsysinfo.so
70872d00c000-70872d00e000 r--p 0000c000 103:05 1716214                   /home/patrick/Mustafar/project/libsysinfo/libsysinfo.so
70872d00e000-70872d00f000 r--p 0000e000 103:05 1716214                   /home/patrick/Mustafar/project/libsysinfo/libsysinfo.so
70872d00f000-70872d010000 rw-p 0000f000 103:05 1716214                   /home/patrick/Mustafar/project/libsysinfo/libsysinfo.so
70872d010000-70872ee1a000 rw-p 00000000 00:00 0 
70872f000000-70872f0d0000 rw-p 00000000 00:00 0 
70872f0d0000-70872f400000 ---p 00000000 00:00 0 
70872f400000-70872f430000 rw-p 00000000 00:00 0 
70872f430000-708733000000 ---p 00000000 00:00 0 
708733000000-708733ca0000 rw-p 00001000 103:05 1244351                   /usr/lib/jvm/java-21-openjdk-amd64/lib/server/classes.jsa
708733ca0000-708734000000 ---p 00000000 00:00 0 
708734000000-708734020000 rw-p 00000000 00:00 0 
708734020000-708734040000 ---p 00000000 00:00 0 
708734040000-708734050000 rw-p 00000000 00:00 0 
708734050000-708774000000 ---p 00000000 00:00 0 
708774000000-708774021000 rw-p 00000000 00:00 0 
708774021000-708778000000 ---p 00000000 00:00 0 
708778000000-708778021000 rw-p 00000000 00:00 0 
708778021000-70877c000000 ---p 00000000 00:00 0 
70877c000000-70877c021000 rw-p 00000000 00:00 0 
70877c021000-708780000000 ---p 00000000 00:00 0 
70878003b000-70878003c000 ---p 00000000 00:00 0 
70878003c000-70878013c000 rw-p 00000000 00:00 0 
70878013c000-70878013d000 ---p 00000000 00:00 0 
70878013d000-70878023d000 rw-p 00000000 00:00 0 
70878023d000-70878023e000 ---p 00000000 00:00 0 
70878023e000-70878033e000 rw-p 00000000 00:00 0 
70878033e000-70878033f000 ---p 00000000 00:00 0 
70878033f000-70878043f000 rw-p 00000000 00:00 0 
70878043f000-708780440000 ---p 00000000 00:00 0 
708780440000-708780540000 rw-p 00000000 00:00 0 
708780540000-708780541000 ---p 00000000 00:00 0 
708780541000-708780641000 rw-p 00000000 00:00 0 
708780641000-708780642000 ---p 00000000 00:00 0 
708780642000-708780742000 rw-p 00000000 00:00 0 
708780742000-708780743000 ---p 00000000 00:00 0 
708780743000-708780843000 rw-p 00000000 00:00 0 
708780843000-708780844000 ---p 00000000 00:00 0 
708780844000-708780944000 rw-p 00000000 00:00 0 
708780e2f000-708780e33000 ---p 00000000 00:00 0 
708780e33000-708780f2f000 rw-p 00000000 00:00 0 
708780f2f000-708780f33000 ---p 00000000 00:00 0 
708780f33000-70878102f000 rw-p 00000000 00:00 0 
70878102f000-708781033000 ---p 00000000 00:00 0 
708781033000-70878112f000 rw-p 00000000 00:00 0 
70878112f000-708781133000 ---p 00000000 00:00 0 
708781133000-70878122f000 rw-p 00000000 00:00 0 
70878122f000-708781234000 r--p 00000000 103:05 1244332                   /usr/lib/jvm/java-21-openjdk-amd64/lib/libjsvml.so
708781234000-708781275000 r-xp 00005000 103:05 1244332                   /usr/lib/jvm/java-21-openjdk-amd64/lib/libjsvml.so
708781275000-7087812fe000 r--p 00046000 103:05 1244332                   /usr/lib/jvm/java-21-openjdk-amd64/lib/libjsvml.so
7087812fe000-7087812ff000 r--p 000ce000 103:05 1244332                   /usr/lib/jvm/java-21-openjdk-amd64/lib/libjsvml.so
7087812ff000-708781300000 rw-p 000cf000 103:05 1244332                   /usr/lib/jvm/java-21-openjdk-amd64/lib/libjsvml.so
708781300000-708781304000 ---p 00000000 00:00 0 
708781304000-708781400000 rw-p 00000000 00:00 0 
708781400000-708781404000 ---p 00000000 00:00 0 
708781404000-708781500000 rw-p 00000000 00:00 0 
708781500000-708781504000 ---p 00000000 00:00 0 
708781504000-708781600000 rw-p 00000000 00:00 0 
708781600000-708781604000 ---p 00000000 00:00 0 
708781604000-708781700000 rw-p 00000000 00:00 0 
708781700000-708781704000 ---p 00000000 00:00 0 
708781704000-708781800000 rw-p 00000000 00:00 0 
708781800000-708781804000 ---p 00000000 00:00 0 
708781804000-708781900000 rw-p 00000000 00:00 0 
708781900000-708781904000 ---p 00000000 00:00 0 
708781904000-708781a00000 rw-p 00000000 00:00 0 
708781a00000-708781f75000 r--p 00000000 103:05 685755                    /usr/lib/locale/locale-archive
708782000000-708784021000 rw-p 00000000 00:00 0 
708784021000-708788000000 ---p 00000000 00:00 0 
708788000000-708788021000 rw-p 00000000 00:00 0 
708788021000-70878c000000 ---p 00000000 00:00 0 
70878c000000-70878c021000 rw-p 00000000 00:00 0 
70878c021000-708790000000 ---p 00000000 00:00 0 
708790034000-708790035000 ---p 00000000 00:00 0 
708790035000-708790135000 rw-p 00000000 00:00 0 
708790135000-708790136000 ---p 00000000 00:00 0 
708790136000-708790236000 rw-p 00000000 00:00 0 
708790236000-7087902b7000 rw-p 00000000 00:00 0 
7087902b7000-7087902b8000 ---p 00000000 00:00 0 
7087902b8000-7087903b8000 rw-p 00000000 00:00 0 
7087903b8000-7087903b9000 ---p 00000000 00:00 0 
7087903b9000-7087904b9000 rw-p 00000000 00:00 0 
7087904b9000-708791390000 rw-p 00000000 00:00 0 
708791390000-7087987f0000 ---p 00000000 00:00 0 
7087987f0000-708798800000 rw-p 00000000 00:00 0 
708798800000-708798a70000 rwxp 00000000 00:00 0 
708798a70000-70879fd37000 ---p 00000000 00:00 0 
70879fd37000-70879ffa7000 rwxp 00000000 00:00 0 
70879ffa7000-7087a02c9000 ---p 00000000 00:00 0 
7087a02c9000-7087a0539000 rwxp 00000000 00:00 0 
7087a0539000-7087a7800000 ---p 00000000 00:00 0 
7087a7800000-7087afe2a000 r--s 00000000 103:05 1244348                   /usr/lib/jvm/java-21-openjdk-amd64/lib/modules
7087afea4000-7087b0656000 rw-p 00000000 00:00 0 
7087b0656000-7087b4000000 ---p 00000000 00:00 0 
7087b400b000-7087b420d000 rw-p 00000000 00:00 0 
7087b420d000-7087b420e000 ---p 00000000 00:00 0 
7087b420e000-7087b430e000 rw-p 00000000 00:00 0 
7087b430e000-7087b430f000 ---p 00000000 00:00 0 
7087b430f000-7087b440f000 rw-p 00000000 00:00 0 
7087b440f000-7087b4410000 ---p 00000000 00:00 0 
7087b4410000-7087b4510000 rw-p 00000000 00:00 0 
7087b4510000-7087b460a000 rw-p 00000000 00:00 0 
7087b460a000-7087b5496000 ---p 00000000 00:00 0 
7087b5496000-7087b5592000 rw-p 00000000 00:00 0 
7087b5592000-7087b641e000 ---p 00000000 00:00 0 
7087b641e000-7087b6e2f000 rw-p 00000000 00:00 0 
7087b6e2f000-7087b6f15000 ---p 00000000 00:00 0 
7087b6f15000-7087b6f1a000 rw-p 00000000 00:00 0 
7087b6f1a000-7087b7000000 ---p 00000000 00:00 0 
7087b7000000-7087b709d000 r--p 00000000 103:05 688615                    /usr/lib/x86_64-linux-gnu/libstdc++.so.6.0.33
7087b709d000-7087b71e5000 r-xp 0009d000 103:05 688615                    /usr/lib/x86_64-linux-gnu/libstdc++.so.6.0.33
7087b71e5000-7087b726c000 r--p 001e5000 103:05 688615                    /usr/lib/x86_64-linux-gnu/libstdc++.so.6.0.33
7087b726c000-7087b7277000 r--p 0026b000 103:05 688615                    /usr/lib/x86_64-linux-gnu/libstdc++.so.6.0.33
7087b7277000-7087b727a000 rw-p 00276000 103:05 688615                    /usr/lib/x86_64-linux-gnu/libstdc++.so.6.0.33
7087b727a000-7087b727e000 rw-p 00000000 00:00 0 
7087b7280000-7087b7300000 rw-p 00000000 00:00 0 
7087b7300000-7087b7304000 ---p 00000000 00:00 0 
7087b7304000-7087b7400000 rw-p 00000000 00:00 0 
7087b7400000-7087b76a2000 r--p 00000000 103:05 1244354                   /usr/lib/jvm/java-21-openjdk-amd64/lib/server/libjvm.so
7087b76a2000-7087b8517000 r-xp 002a2000 103:05 1244354                   /usr/lib/jvm/java-21-openjdk-amd64/lib/server/libjvm.so
7087b8517000-7087b87f1000 r--p 01117000 103:05 1244354                   /usr/lib/jvm/java-21-openjdk-amd64/lib/server/libjvm.so
7087b87f1000-7087b88c5000 r--p 013f0000 103:05 1244354                   /usr/lib/jvm/java-21-openjdk-amd64/lib/server/libjvm.so
7087b88c5000-7087b88f5000 rw-p 014c4000 103:05 1244354                   /usr/lib/jvm/java-21-openjdk-amd64/lib/server/libjvm.so
7087b88f5000-7087b895b000 rw-p 00000000 00:00 0 
7087b8978000-7087b897f000 r--s 00000000 103:05 689942                    /usr/lib/x86_64-linux-gnu/gconv/gconv-modules.cache
7087b897f000-7087b8a00000 rw-p 00000000 00:00 0 
7087b8a00000-7087b8a28000 r--p 00000000 103:05 687339                    /usr/lib/x86_64-linux-gnu/libc.so.6
7087b8a28000-7087b8bb0000 r-xp 00028000 103:05 687339                    /usr/lib/x86_64-linux-gnu/libc.so.6
7087b8bb0000-7087b8bff000 r--p 001b0000 103:05 687339                    /usr/lib/x86_64-linux-gnu/libc.so.6
7087b8bff000-7087b8c03000 r--p 001fe000 103:05 687339                    /usr/lib/x86_64-linux-gnu/libc.so.6
7087b8c03000-7087b8c05000 rw-p 00202000 103:05 687339                    /usr/lib/x86_64-linux-gnu/libc.so.6
7087b8c05000-7087b8c12000 rw-p 00000000 00:00 0 
7087b8c17000-7087b8c19000 r--p 00000000 103:05 1244347                   /usr/lib/jvm/java-21-openjdk-amd64/lib/libzip.so
7087b8c19000-7087b8c1e000 r-xp 00002000 103:05 1244347                   /usr/lib/jvm/java-21-openjdk-amd64/lib/libzip.so
7087b8c1e000-7087b8c20000 r--p 00007000 103:05 1244347                   /usr/lib/jvm/java-21-openjdk-amd64/lib/libzip.so
7087b8c20000-7087b8c21000 r--p 00008000 103:05 1244347                   /usr/lib/jvm/java-21-openjdk-amd64/lib/libzip.so
7087b8c21000-7087b8c22000 rw-p 00009000 103:05 1244347                   /usr/lib/jvm/java-21-openjdk-amd64/lib/libzip.so
7087b8c22000-7087b8c25000 r--p 00000000 103:05 1244339                   /usr/lib/jvm/java-21-openjdk-amd64/lib/libnet.so
7087b8c25000-7087b8c2d000 r-xp 00003000 103:05 1244339                   /usr/lib/jvm/java-21-openjdk-amd64/lib/libnet.so
7087b8c2d000-7087b8c2f000 r--p 0000b000 103:05 1244339                   /usr/lib/jvm/java-21-openjdk-amd64/lib/libnet.so
7087b8c2f000-7087b8c30000 r--p 0000c000 103:05 1244339                   /usr/lib/jvm/java-21-openjdk-amd64/lib/libnet.so
7087b8c30000-7087b8c31000 rw-p 0000d000 103:05 1244339                   /usr/lib/jvm/java-21-openjdk-amd64/lib/libnet.so
7087b8c31000-7087b8c38000 r--p 00000000 103:05 1244340                   /usr/lib/jvm/java-21-openjdk-amd64/lib/libnio.so
7087b8c38000-7087b8c41000 r-xp 00007000 103:05 1244340                   /usr/lib/jvm/java-21-openjdk-amd64/lib/libnio.so
7087b8c41000-7087b8c45000 r--p 00010000 103:05 1244340                   /usr/lib/jvm/java-21-openjdk-amd64/lib/libnio.so
7087b8c45000-7087b8c46000 r--p 00014000 103:05 1244340                   /usr/lib/jvm/java-21-openjdk-amd64/lib/libnio.so
7087b8c46000-7087b8c47000 rw-p 00015000 103:05 1244340                   /usr/lib/jvm/java-21-openjdk-amd64/lib/libnio.so
7087b8c47000-7087b8c8b000 rw-p 00000000 00:00 0 
7087b8c8b000-7087b8c92000 ---p 00000000 00:00 0 
7087b8c92000-7087b8c9f000 r--p 00000000 103:05 1244325                   /usr/lib/jvm/java-21-openjdk-amd64/lib/libjava.so
7087b8c9f000-7087b8cae000 r-xp 0000d000 103:05 1244325                   /usr/lib/jvm/java-21-openjdk-amd64/lib/libjava.so
7087b8cae000-7087b8cb3000 r--p 0001c000 103:05 1244325                   /usr/lib/jvm/java-21-openjdk-amd64/lib/libjava.so
7087b8cb3000-7087b8cb4000 r--p 00021000 103:05 1244325                   /usr/lib/jvm/java-21-openjdk-amd64/lib/libjava.so
7087b8cb4000-7087b8cb5000 rw-p 00022000 103:05 1244325                   /usr/lib/jvm/java-21-openjdk-amd64/lib/libjava.so
7087b8cb5000-7087b8cb6000 rw-p 00000000 00:00 0 
7087b8cb6000-7087b8cba000 r--p 00000000 103:05 687714                    /usr/lib/x86_64-linux-gnu/libgcc_s.so.1
7087b8cba000-7087b8cde000 r-xp 00004000 103:05 687714                    /usr/lib/x86_64-linux-gnu/libgcc_s.so.1
7087b8cde000-7087b8ce2000 r--p 00028000 103:05 687714                    /usr/lib/x86_64-linux-gnu/libgcc_s.so.1
7087b8ce2000-7087b8ce3000 r--p 0002b000 103:05 687714                    /usr/lib/x86_64-linux-gnu/libgcc_s.so.1
7087b8ce3000-7087b8ce4000 rw-p 0002c000 103:05 687714                    /usr/lib/x86_64-linux-gnu/libgcc_s.so.1
7087b8ce4000-7087b8cf4000 r--p 00000000 103:05 688104                    /usr/lib/x86_64-linux-gnu/libm.so.6
7087b8cf4000-7087b8d73000 r-xp 00010000 103:05 688104                    /usr/lib/x86_64-linux-gnu/libm.so.6
7087b8d73000-7087b8dcb000 r--p 0008f000 103:05 688104                    /usr/lib/x86_64-linux-gnu/libm.so.6
7087b8dcb000-7087b8dcc000 r--p 000e7000 103:05 688104                    /usr/lib/x86_64-linux-gnu/libm.so.6
7087b8dcc000-7087b8dcd000 rw-p 000e8000 103:05 688104                    /usr/lib/x86_64-linux-gnu/libm.so.6
7087b8dcd000-7087b8dcf000 rw-p 00000000 00:00 0 
7087b8dcf000-7087b8dd1000 r--p 00000000 103:05 1244329                   /usr/lib/jvm/java-21-openjdk-amd64/lib/libjli.so
7087b8dd1000-7087b8ddb000 r-xp 00002000 103:05 1244329                   /usr/lib/jvm/java-21-openjdk-amd64/lib/libjli.so
7087b8ddb000-7087b8dde000 r--p 0000c000 103:05 1244329                   /usr/lib/jvm/java-21-openjdk-amd64/lib/libjli.so
7087b8dde000-7087b8ddf000 r--p 0000f000 103:05 1244329                   /usr/lib/jvm/java-21-openjdk-amd64/lib/libjli.so
7087b8ddf000-7087b8de0000 rw-p 00010000 103:05 1244329                   /usr/lib/jvm/java-21-openjdk-amd64/lib/libjli.so
7087b8de0000-7087b8de2000 r--p 00000000 103:05 688941                    /usr/lib/x86_64-linux-gnu/libz.so.1.3
7087b8de2000-7087b8df4000 r-xp 00002000 103:05 688941                    /usr/lib/x86_64-linux-gnu/libz.so.1.3
7087b8df4000-7087b8dfa000 r--p 00014000 103:05 688941                    /usr/lib/x86_64-linux-gnu/libz.so.1.3
7087b8dfa000-7087b8dfb000 r--p 0001a000 103:05 688941                    /usr/lib/x86_64-linux-gnu/libz.so.1.3
7087b8dfb000-7087b8dfc000 rw-p 0001b000 103:05 688941                    /usr/lib/x86_64-linux-gnu/libz.so.1.3
7087b8dfc000-7087b8e04000 rw-s 00000000 103:05 261666                    /tmp/hsperfdata_patrick/10495
7087b8e04000-7087b8e05000 ---p 00000000 00:00 0 
7087b8e05000-7087b8e06000 r--p 00000000 00:00 0 
7087b8e06000-7087b8e07000 ---p 00000000 00:00 0 
7087b8e07000-7087b8e09000 r--p 00000000 103:05 1244328                   /usr/lib/jvm/java-21-openjdk-amd64/lib/libjimage.so
7087b8e09000-7087b8e0c000 r-xp 00002000 103:05 1244328                   /usr/lib/jvm/java-21-openjdk-amd64/lib/libjimage.so
7087b8e0c000-7087b8e0d000 r--p 00005000 103:05 1244328                   /usr/lib/jvm/java-21-openjdk-amd64/lib/libjimage.so
7087b8e0d000-7087b8e0e000 r--p 00006000 103:05 1244328                   /usr/lib/jvm/java-21-openjdk-amd64/lib/libjimage.so
7087b8e0e000-7087b8e0f000 rw-p 00007000 103:05 1244328                   /usr/lib/jvm/java-21-openjdk-amd64/lib/libjimage.so
7087b8e0f000-7087b8e11000 rw-p 00000000 00:00 0 
7087b8e11000-7087b8e13000 r--p 00000000 00:00 0                          [vvar]
7087b8e13000-7087b8e15000 r--p 00000000 00:00 0                          [vvar_vclock]
7087b8e15000-7087b8e17000 r-xp 00000000 00:00 0                          [vdso]
7087b8e17000-7087b8e18000 r--p 00000000 103:05 686909                    /usr/lib/x86_64-linux-gnu/ld-linux-x86-64.so.2
7087b8e18000-7087b8e43000 r-xp 00001000 103:05 686909                    /usr/lib/x86_64-linux-gnu/ld-linux-x86-64.so.2
7087b8e43000-7087b8e4d000 r--p 0002c000 103:05 686909                    /usr/lib/x86_64-linux-gnu/ld-linux-x86-64.so.2
7087b8e4d000-7087b8e4f000 r--p 00036000 103:05 686909                    /usr/lib/x86_64-linux-gnu/ld-linux-x86-64.so.2
7087b8e4f000-7087b8e51000 rw-p 00038000 103:05 686909                    /usr/lib/x86_64-linux-gnu/ld-linux-x86-64.so.2
7ffe70164000-7ffe70185000 rw-p 00000000 00:00 0                          [stack]
ffffffffff600000-ffffffffff601000 --xp 00000000 00:00 0                  [vsyscall]
Total number of mappings: 249

JVMTI agents: none


VM Arguments:
jvm_args: -Djava.library.path=libsysinfo 
java_command: template
java_class_path (initial): lib/jfreechart-1.5.4.jar:lib/jcommon-1.0.24.jar:.
Launcher Type: SUN_STANDARD

[Global flags]
     intx CICompilerCount                          = 4                                         {product} {ergonomic}
     uint ConcGCThreads                            = 3                                         {product} {ergonomic}
     uint G1ConcRefinementThreads                  = 10                                        {product} {ergonomic}
   size_t G1HeapRegionSize                         = 4194304                                   {product} {ergonomic}
    uintx GCDrainStackTargetSize                   = 64                                        {product} {ergonomic}
   size_t InitialHeapSize                          = 524288000                                 {product} {ergonomic}
   size_t MarkStackSize                            = 4194304                                   {product} {ergonomic}
   size_t MaxHeapSize                              = 8338276352                                {product} {ergonomic}
   size_t MaxNewSize                               = 4999610368                                {product} {ergonomic}
   size_t MinHeapDeltaBytes                        = 4194304                                   {product} {ergonomic}
   size_t MinHeapSize                              = 8388608                                   {product} {ergonomic}
    uintx NonNMethodCodeHeapSize                   = 5839372                                {pd product} {ergonomic}
    uintx NonProfiledCodeHeapSize                  = 122909434                              {pd product} {ergonomic}
    uintx ProfiledCodeHeapSize                     = 122909434                              {pd product} {ergonomic}
    uintx ReservedCodeCacheSize                    = 251658240                              {pd product} {ergonomic}
     bool SegmentedCodeCache                       = true                                      {product} {ergonomic}
   size_t SoftMaxHeapSize                          = 8338276352                             {manageable} {ergonomic}
     bool UseCompressedOops                        = true                           {product lp64_product} {ergonomic}
     bool UseG1GC                                  = true                                      {product} {ergonomic}

Logging:
Log output configuration:
 #0: stdout all=warning uptime,level,tags foldmultilines=false
 #1: stderr all=off uptime,level,tags foldmultilines=false

Environment Variables:
PATH=/usr/local/sbin:/usr/local/bin:/usr/sbin:/usr/bin:/sbin:/bin:/usr/games:/usr/local/games:/snap/bin
SHELL=/bin/bash
DISPLAY=:0
LANG=en_IE.UTF-8
TERM=xterm-256color

Active Locale:
LC_ALL=en_IE.UTF-8
LC_COLLATE=en_IE.UTF-8
LC_CTYPE=en_IE.UTF-8
LC_MESSAGES=en_IE.UTF-8
LC_MONETARY=en_IE.UTF-8
LC_NUMERIC=en_IE.UTF-8
LC_TIME=en_IE.UTF-8

Signal Handlers:
   SIGSEGV: crash_handler in libjvm.so, mask=11100100010111111101111111111110, flags=SA_RESTART|SA_SIGINFO, unblocked
    SIGBUS: crash_handler in libjvm.so, mask=11100100010111111101111111111110, flags=SA_RESTART|SA_SIGINFO, unblocked
    SIGFPE: crash_handler in libjvm.so, mask=11100100010111111101111111111110, flags=SA_RESTART|SA_SIGINFO, unblocked
   SIGPIPE: javaSignalHandler in libjvm.so, mask=11100100010111111101111111111110, flags=SA_RESTART|SA_SIGINFO, blocked
   SIGXFSZ: javaSignalHandler in libjvm.so, mask=11100100010111111101111111111110, flags=SA_RESTART|SA_SIGINFO, blocked
    SIGILL: crash_handler in libjvm.so, mask=11100100010111111101111111111110, flags=SA_RESTART|SA_SIGINFO, unblocked
   SIGUSR2: SR_handler in libjvm.so, mask=00000000000000000000000000000000, flags=SA_RESTART|SA_SIGINFO, blocked
    SIGHUP: UserHandler in libjvm.so, mask=11100100010111111101111111111110, flags=SA_RESTART|SA_SIGINFO, blocked
    SIGINT: UserHandler in libjvm.so, mask=11100100010111111101111111111110, flags=SA_RESTART|SA_SIGINFO, blocked
   SIGTERM: UserHandler in libjvm.so, mask=11100100010111111101111111111110, flags=SA_RESTART|SA_SIGINFO, blocked
   SIGQUIT: UserHandler in libjvm.so, mask=11100100010111111101111111111110, flags=SA_RESTART|SA_SIGINFO, blocked
   SIGTRAP: crash_handler in libjvm.so, mask=11100100010111111101111111111110, flags=SA_RESTART|SA_SIGINFO, unblocked


Periodic native trim disabled

---------------  S Y S T E M  ---------------

OS:
DISTRIB_ID=LinuxMint
DISTRIB_RELEASE=22.2
DISTRIB_CODENAME=zara
DISTRIB_DESCRIPTION="Linux Mint 22.2 Zara"
uname: Linux 6.14.0-29-generic #29~24.04.1-Ubuntu SMP PREEMPT_DYNAMIC Thu Aug 14 16:52:50 UTC 2 x86_64
OS uptime: 0 days 0:27 hours
libc: glibc 2.39 NPTL 2.39 
rlimit (soft/hard): STACK 8192k/infinity , CORE 0k/infinity , NPROC 126330/126330 , NOFILE 1048576/1048576 , AS infinity/infinity , CPU infinity/infinity , DATA infinity/infinity , FSIZE infinity/infinity , MEMLOCK 4070480k/4070480k
load average: 0.40 0.35 0.22

/proc/meminfo:
MemTotal:       32563852 kB
MemFree:        30243008 kB
MemAvailable:   30836044 kB
Buffers:           47940 kB
Cached:          1049956 kB
SwapCached:            0 kB
Active:          1470872 kB
Inactive:         284816 kB
Active(anon):     813484 kB
Inactive(anon):        0 kB
Active(file):     657388 kB
Inactive(file):   284816 kB
Unevictable:      142664 kB
Mlocked:               0 kB
SwapTotal:             0 kB
SwapFree:              0 kB
Zswap:                 0 kB
Zswapped:              0 kB
Dirty:               172 kB
Writeback:             0 kB
AnonPages:        801188 kB
Mapped:           271284 kB
Shmem:            155340 kB
KReclaimable:      46408 kB
Slab:             202344 kB
SReclaimable:      46408 kB
SUnreclaim:       155936 kB
KernelStack:       10292 kB
PageTables:        18712 kB
SecPageTables:      3564 kB
NFS_Unstable:          0 kB
Bounce:                0 kB
WritebackTmp:          0 kB
CommitLimit:    16281924 kB
Committed_AS:    4938228 kB
VmallocTotal:   34359738367 kB
VmallocUsed:       46080 kB
VmallocChunk:          0 kB
Percpu:             9312 kB
HardwareCorrupted:     0 kB
AnonHugePages:         0 kB
ShmemHugePages:        0 kB
ShmemPmdMapped:        0 kB
FileHugePages:         0 kB
FilePmdMapped:         0 kB
Unaccepted:            0 kB
HugePages_Total:       0
HugePages_Free:        0
HugePages_Rsvd:        0
HugePages_Surp:        0
Hugepagesize:       2048 kB
Hugetlb:               0 kB
DirectMap4k:      237824 kB
DirectMap2M:     3653632 kB
DirectMap1G:    29360128 kB

/sys/kernel/mm/transparent_hugepage/enabled: always [madvise] never
/sys/kernel/mm/transparent_hugepage/hpage_pmd_size: 2097152
/sys/kernel/mm/transparent_hugepage/defrag (defrag/compaction efforts parameter): always defer defer+madvise [madvise] never

Process Memory:
Virtual Size: 11802920K (peak: 11814160K)
Resident Set Size: 212548K (peak: 212548K) (anon: 187992K, file: 24556K, shmem: 0K)
Swapped out: 0K
C-Heap outstanding allocations: 96187K, retained: 26560K
glibc malloc tunables: (default)

/proc/sys/kernel/threads-max (system-wide limit on the number of threads): 252660
/proc/sys/vm/max_map_count (maximum number of memory map areas a process may have): 1048576
/proc/sys/vm/swappiness (control to define how aggressively the kernel swaps out anonymous memory): 60
/proc/sys/kernel/pid_max (system-wide limit on number of process identifiers): 4194304

container information not found.
Steal ticks since vm start: 0
Steal ticks percentage since vm start:  0.000

CPU: total 12 (initial active 12) (6 cores per cpu, 2 threads per core) family 6 model 186 stepping 2 microcode 0x5103, cx8, cmov, fxsr, ht, mmx, 3dnowpref, sse, sse2, sse3, ssse3, sse4.1, sse4.2, popcnt, lzcnt, tsc, tscinvbit, avx, avx2, aes, erms, clmul, bmi1, bmi2, adx, sha, fma, vzeroupper, clflush, clflushopt, clwb, serialize, rdtscp, rdpid, fsrm, f16c, pku, ospke, cet_ibt, cet_ss
CPU Model and flags from /proc/cpuinfo:
model name	: 13th Gen Intel(R) Core(TM) i5-13420H
flags		: fpu vme de pse tsc msr pae mce cx8 apic sep mtrr pge mca cmov pat pse36 clflush dts acpi mmx fxsr sse sse2 ss ht tm pbe syscall nx pdpe1gb rdtscp lm constant_tsc art arch_perfmon pebs bts rep_good nopl xtopology nonstop_tsc cpuid aperfmperf tsc_known_freq pni pclmulqdq dtes64 monitor ds_cpl vmx smx est tm2 ssse3 sdbg fma cx16 xtpr pdcm pcid sse4_1 sse4_2 x2apic movbe popcnt tsc_deadline_timer aes xsave avx f16c rdrand lahf_lm abm 3dnowprefetch cpuid_fault epb ssbd ibrs ibpb stibp ibrs_enhanced tpr_shadow flexpriority ept vpid ept_ad fsgsbase tsc_adjust bmi1 avx2 smep bmi2 erms invpcid rdseed adx smap clflushopt clwb intel_pt sha_ni xsaveopt xsavec xgetbv1 xsaves split_lock_detect user_shstk avx_vnni dtherm ida arat pln pts hwp hwp_notify hwp_act_window hwp_epp hwp_pkg_req hfi vnmi umip pku ospke waitpkg gfni vaes vpclmulqdq rdpid movdiri movdir64b fsrm md_clear serialize arch_lbr ibt flush_l1d arch_capabilities

Online cpus: 0-11
Offline cpus: 
BIOS frequency limitation: <Not Available>
Frequency switch latency (ns): 0
Available cpu frequencies: <Not Available>
Current governor: powersave
Core performance/turbo boost: <Not Available>

Memory: 4k page, physical 32563852k(30836044k free), swap 0k(0k free)
Page Sizes: 4k

vm_info: OpenJDK 64-Bit Server VM (21.0.8+9-Ubuntu-0ubuntu124.04.1) for linux-amd64 JRE (21.0.8+9-Ubuntu-0ubuntu124.04.1), built on 2025-07-16T21:55:59Z by "buildd" with gcc 13.3.0

END.
